TN:
SF:src/app.ts
FN:117,(anonymous_1)
FN:130,(anonymous_2)
FNF:2
FNH:0
FNDA:0,(anonymous_1)
FNDA:0,(anonymous_2)
DA:5,0
DA:6,0
DA:7,0
DA:8,0
DA:9,0
DA:10,0
DA:11,0
DA:12,0
DA:15,0
DA:16,0
DA:17,0
DA:18,0
DA:19,0
DA:20,0
DA:21,0
DA:22,0
DA:23,0
DA:24,0
DA:25,0
DA:26,0
DA:27,0
DA:28,0
DA:30,0
DA:33,0
DA:40,0
DA:53,0
DA:65,0
DA:80,0
DA:95,0
DA:96,0
DA:97,0
DA:104,0
DA:107,0
DA:110,0
DA:117,0
DA:118,0
DA:130,0
DA:132,0
DA:142,0
DA:145,0
DA:148,0
DA:151,0
DA:154,0
DA:157,0
DA:160,0
DA:163,0
DA:166,0
DA:169,0
DA:172,0
DA:175,0
DA:178,0
DA:181,0
DA:184,0
DA:191,0
DA:194,0
DA:197,0
DA:199,0
LF:57
LH:0
BRDA:54,0,0,0
BRDA:54,0,1,0
BRDA:66,1,0,0
BRDA:66,1,1,0
BRDA:67,2,0,0
BRDA:67,2,1,0
BRF:6
BRH:0
end_of_record
TN:
SF:src/config/database.ts
FN:27,testConnection
FN:39,disconnect
FNF:2
FNH:0
FNDA:0,testConnection
FNDA:0,disconnect
DA:5,0
DA:6,0
DA:12,0
DA:16,0
DA:22,0
DA:23,0
DA:27,0
DA:28,0
DA:29,0
DA:30,0
DA:31,0
DA:33,0
DA:34,0
DA:39,0
DA:40,0
DA:41,0
LF:16
LH:0
BRDA:16,0,0,0
BRDA:16,0,1,0
BRDA:17,1,0,0
BRDA:17,1,1,0
BRDA:22,2,0,0
BRF:5
BRH:0
end_of_record
TN:
SF:src/config/logger.ts
FN:10,(anonymous_1)
FN:63,(anonymous_2)
FNF:2
FNH:0
FNDA:0,(anonymous_1)
FNDA:0,(anonymous_2)
DA:5,4
DA:7,4
DA:10,4
DA:11,0
DA:12,0
DA:13,0
DA:15,0
DA:19,4
DA:22,4
DA:44,4
DA:45,0
DA:53,0
DA:62,4
DA:64,0
LF:14
LH:7
BRDA:12,0,0,0
BRDA:19,1,0,4
BRDA:19,1,1,4
BRDA:19,2,0,0
BRDA:19,2,1,4
BRDA:37,3,0,0
BRDA:37,3,1,4
BRDA:44,4,0,0
BRF:8
BRH:4
end_of_record
TN:
SF:src/config/sentry.ts
FN:12,(anonymous_9)
FN:31,(anonymous_10)
FN:53,(anonymous_11)
FN:55,(anonymous_12)
FN:67,(anonymous_13)
FNF:5
FNH:0
FNDA:0,(anonymous_9)
FNDA:0,(anonymous_10)
FNDA:0,(anonymous_11)
FNDA:0,(anonymous_12)
FNDA:0,(anonymous_13)
DA:5,0
DA:12,0
DA:13,0
DA:15,0
DA:16,0
DA:17,0
DA:20,0
DA:33,0
DA:34,0
DA:35,0
DA:37,0
DA:41,0
DA:48,0
DA:53,0
DA:54,0
DA:55,0
DA:56,0
DA:57,0
DA:59,0
DA:67,0
DA:68,0
DA:69,0
DA:73,0
LF:23
LH:0
BRDA:15,0,0,0
BRDA:22,1,0,0
BRDA:22,1,1,0
BRDA:24,2,0,0
BRDA:24,2,1,0
BRDA:28,3,0,0
BRDA:28,3,1,0
BRDA:33,4,0,0
BRDA:54,5,0,0
BRDA:56,6,0,0
BRDA:67,7,0,0
BRDA:68,8,0,0
BRF:12
BRH:0
end_of_record
TN:
SF:src/config/supabase.ts
FN:36,testSupabaseConnection
FN:49,query
FN:53,(anonymous_2)
FN:76,insert
FN:82,update
FN:88,remove
FNF:6
FNH:0
FNDA:0,testSupabaseConnection
FNDA:0,query
FNDA:0,(anonymous_2)
FNDA:0,insert
FNDA:0,update
FNDA:0,remove
DA:5,4
DA:6,4
DA:8,4
DA:9,4
DA:10,4
DA:13,4
DA:15,4
DA:16,0
DA:18,0
DA:20,0
DA:21,0
DA:24,4
DA:33,4
DA:36,4
DA:37,0
DA:38,0
DA:39,0
DA:40,0
DA:41,0
DA:43,0
DA:44,0
DA:49,4
DA:50,0
DA:52,0
DA:53,0
DA:54,0
DA:58,0
DA:59,0
DA:62,0
DA:63,0
DA:66,0
DA:67,0
DA:70,0
DA:72,0
DA:73,0
DA:76,4
DA:77,0
DA:78,0
DA:79,0
DA:82,4
DA:83,0
DA:84,0
DA:85,0
DA:88,4
DA:89,0
DA:90,0
DA:91,0
LF:47
LH:14
BRDA:15,0,0,0
BRDA:15,0,1,4
BRDA:15,1,0,4
BRDA:15,1,1,4
BRDA:16,2,0,0
BRDA:16,2,1,0
BRDA:39,3,0,0
BRDA:49,4,0,0
BRDA:50,5,0,0
BRDA:50,5,1,0
BRDA:52,6,0,0
BRDA:58,7,0,0
BRDA:62,8,0,0
BRDA:66,9,0,0
BRDA:67,10,0,0
BRDA:67,10,1,0
BRDA:72,11,0,0
BRDA:78,12,0,0
BRDA:84,13,0,0
BRDA:90,14,0,0
BRF:20
BRH:3
end_of_record
TN:
SF:src/controllers/admin-dashboard.controller.ts
FN:18,(anonymous_0)
FN:90,(anonymous_1)
FN:91,(anonymous_2)
FN:92,(anonymous_3)
FN:96,(anonymous_4)
FN:133,(anonymous_5)
FN:159,(anonymous_6)
FN:173,(anonymous_7)
FN:174,(anonymous_8)
FN:178,(anonymous_9)
FN:178,(anonymous_10)
FN:179,(anonymous_11)
FN:179,(anonymous_12)
FN:180,(anonymous_13)
FN:193,(anonymous_14)
FN:208,(anonymous_15)
FN:225,(anonymous_16)
FN:248,(anonymous_17)
FN:255,(anonymous_18)
FN:256,(anonymous_19)
FN:257,(anonymous_20)
FN:266,(anonymous_21)
FN:267,(anonymous_22)
FN:268,(anonymous_23)
FN:277,(anonymous_24)
FN:278,(anonymous_25)
FN:294,(anonymous_26)
FN:311,(anonymous_27)
FN:321,(anonymous_28)
FN:336,(anonymous_29)
FN:347,(anonymous_30)
FNF:31
FNH:25
FNDA:3,(anonymous_0)
FNDA:1,(anonymous_1)
FNDA:1,(anonymous_2)
FNDA:1,(anonymous_3)
FNDA:1,(anonymous_4)
FNDA:3,(anonymous_5)
FNDA:1,(anonymous_6)
FNDA:1,(anonymous_7)
FNDA:0,(anonymous_8)
FNDA:1,(anonymous_9)
FNDA:1,(anonymous_10)
FNDA:1,(anonymous_11)
FNDA:1,(anonymous_12)
FNDA:1,(anonymous_13)
FNDA:0,(anonymous_14)
FNDA:0,(anonymous_15)
FNDA:2,(anonymous_16)
FNDA:2,(anonymous_17)
FNDA:2,(anonymous_18)
FNDA:2,(anonymous_19)
FNDA:2,(anonymous_20)
FNDA:3,(anonymous_21)
FNDA:3,(anonymous_22)
FNDA:3,(anonymous_23)
FNDA:1,(anonymous_24)
FNDA:0,(anonymous_25)
FNDA:2,(anonymous_26)
FNDA:1,(anonymous_27)
FNDA:0,(anonymous_28)
FNDA:1,(anonymous_29)
FNDA:0,(anonymous_30)
DA:7,1
DA:8,1
DA:18,1
DA:19,3
DA:20,3
DA:21,2
DA:25,1
DA:26,1
DA:27,1
DA:28,1
DA:42,1
DA:90,1
DA:91,1
DA:92,1
DA:93,1
DA:96,1
DA:98,1
DA:133,1
DA:134,3
DA:135,3
DA:136,1
DA:139,2
DA:142,2
DA:143,2
DA:144,2
DA:145,2
DA:147,2
DA:148,2
DA:151,2
DA:157,2
DA:159,2
DA:160,1
DA:161,1
DA:162,1
DA:164,1
DA:165,1
DA:166,1
DA:167,1
DA:172,2
DA:173,1
DA:174,0
DA:177,2
DA:178,1
DA:179,1
DA:180,1
DA:183,2
DA:186,2
DA:192,2
DA:193,2
DA:194,0
DA:195,0
DA:196,0
DA:198,0
DA:199,0
DA:202,2
DA:208,0
DA:225,1
DA:226,2
DA:227,2
DA:228,1
DA:231,1
DA:233,1
DA:234,1
DA:235,1
DA:237,1
DA:238,1
DA:241,1
DA:247,1
DA:248,1
DA:249,2
DA:250,2
DA:254,1
DA:255,2
DA:256,2
DA:257,2
DA:261,1
DA:265,1
DA:266,3
DA:267,3
DA:268,3
DA:271,1
DA:277,1
DA:278,0
DA:294,1
DA:295,2
DA:296,2
DA:297,1
DA:301,1
DA:310,1
DA:311,1
DA:312,1
DA:313,1
DA:314,1
DA:316,1
DA:317,1
DA:320,1
DA:321,0
DA:325,1
DA:335,1
DA:336,1
DA:337,1
DA:338,1
DA:339,1
DA:341,1
DA:342,1
DA:343,1
DA:346,1
DA:347,0
DA:350,1
LF:109
LH:99
BRDA:20,0,0,2
BRDA:20,1,0,3
BRDA:20,1,1,2
BRDA:90,2,0,1
BRDA:90,2,1,0
BRDA:91,3,0,1
BRDA:91,3,1,0
BRDA:91,4,0,1
BRDA:91,4,1,0
BRDA:92,5,0,1
BRDA:92,5,1,0
BRDA:93,6,0,1
BRDA:93,6,1,0
BRDA:96,7,0,1
BRDA:96,7,1,1
BRDA:102,8,0,1
BRDA:102,8,1,0
BRDA:103,9,0,1
BRDA:103,9,1,0
BRDA:104,10,0,1
BRDA:104,10,1,0
BRDA:105,11,0,1
BRDA:105,11,1,0
BRDA:114,12,0,1
BRDA:114,12,1,0
BRDA:116,13,0,1
BRDA:116,13,1,0
BRDA:117,14,0,1
BRDA:117,14,1,0
BRDA:119,15,0,1
BRDA:119,15,1,0
BRDA:135,16,0,1
BRDA:135,17,0,3
BRDA:135,17,1,3
BRDA:139,18,0,0
BRDA:143,19,0,1
BRDA:144,20,0,0
BRDA:145,21,0,0
BRDA:161,22,0,1
BRDA:164,23,0,1
BRDA:166,24,0,1
BRDA:166,24,1,0
BRDA:178,25,0,2
BRDA:178,25,1,1
BRDA:179,26,0,2
BRDA:179,26,1,1
BRDA:179,27,0,1
BRDA:179,27,1,0
BRDA:180,28,0,2
BRDA:180,28,1,1
BRDA:183,29,0,1
BRDA:183,29,1,1
BRDA:194,30,0,0
BRDA:194,30,1,0
BRDA:195,31,0,0
BRDA:227,32,0,1
BRDA:227,33,0,2
BRDA:227,33,1,2
BRDA:231,34,0,0
BRDA:234,35,0,0
BRDA:235,36,0,0
BRDA:250,37,0,2
BRDA:250,37,1,1
BRDA:255,38,0,1
BRDA:255,38,1,0
BRDA:256,39,0,1
BRDA:256,39,1,0
BRDA:257,40,0,1
BRDA:257,40,1,1
BRDA:266,41,0,1
BRDA:266,41,1,0
BRDA:267,42,0,1
BRDA:267,42,1,0
BRDA:268,43,0,1
BRDA:268,43,1,0
BRDA:275,44,0,1
BRDA:275,44,1,0
BRDA:296,45,0,1
BRDA:296,46,0,2
BRDA:296,46,1,2
BRDA:313,47,0,1
BRDA:338,48,0,1
BRDA:342,49,0,1
BRDA:342,49,1,0
BRF:84
BRH:53
end_of_record
TN:
SF:src/controllers/admin.controller.ts
FN:24,(anonymous_0)
FN:38,(anonymous_1)
FN:101,(anonymous_2)
FN:146,(anonymous_3)
FN:206,(anonymous_4)
FN:266,(anonymous_5)
FN:333,(anonymous_6)
FN:390,(anonymous_7)
FN:450,(anonymous_8)
FNF:9
FNH:8
FNDA:23,(anonymous_0)
FNDA:3,(anonymous_1)
FNDA:2,(anonymous_2)
FNDA:4,(anonymous_3)
FNDA:3,(anonymous_4)
FNDA:4,(anonymous_5)
FNDA:3,(anonymous_6)
FNDA:4,(anonymous_7)
FNDA:0,(anonymous_8)
DA:6,1
DA:7,1
DA:8,1
DA:24,1
DA:25,23
DA:26,1
DA:28,22
DA:29,7
DA:38,1
DA:39,3
DA:42,1
DA:43,1
DA:56,1
DA:77,1
DA:89,1
DA:101,1
DA:102,2
DA:104,1
DA:105,1
DA:106,1
DA:108,1
DA:119,1
DA:121,1
DA:122,1
DA:124,1
DA:146,1
DA:147,4
DA:149,3
DA:150,3
DA:153,3
DA:154,3
DA:155,1
DA:159,2
DA:165,2
DA:166,0
DA:170,2
DA:176,2
DA:177,2
DA:180,2
DA:191,2
DA:193,2
DA:206,1
DA:207,3
DA:216,2
DA:218,2
DA:219,2
DA:221,2
DA:226,2
DA:227,1
DA:231,2
DA:232,0
DA:235,2
DA:239,2
DA:241,2
DA:242,2
DA:244,2
DA:266,1
DA:267,4
DA:269,3
DA:270,3
DA:273,3
DA:279,3
DA:280,1
DA:284,2
DA:285,0
DA:289,2
DA:291,2
DA:292,1
DA:293,1
DA:294,0
DA:296,1
DA:299,2
DA:300,1
DA:303,2
DA:304,1
DA:307,2
DA:308,0
DA:311,2
DA:318,2
DA:320,2
DA:333,1
DA:334,3
DA:342,2
DA:344,2
DA:345,2
DA:347,2
DA:355,2
DA:356,1
DA:359,2
DA:363,2
DA:365,2
DA:366,2
DA:368,2
DA:390,1
DA:391,4
DA:393,3
DA:394,3
DA:397,3
DA:398,3
DA:399,1
DA:403,2
DA:409,2
DA:410,0
DA:414,2
DA:420,2
DA:421,2
DA:424,2
DA:435,2
DA:437,2
DA:450,1
DA:451,0
DA:460,0
DA:462,0
DA:463,0
DA:465,0
DA:473,0
DA:474,0
DA:477,0
DA:478,0
DA:481,0
DA:485,0
DA:487,0
DA:488,0
DA:490,0
LF:124
LH:104
BRDA:25,0,0,1
BRDA:28,1,0,7
BRDA:78,2,0,1
BRDA:78,2,1,0
BRDA:79,3,0,1
BRDA:79,3,1,0
BRDA:80,4,0,1
BRDA:80,4,1,0
BRDA:81,5,0,1
BRDA:81,5,1,0
BRDA:82,6,0,1
BRDA:82,6,1,0
BRDA:83,7,0,1
BRDA:83,7,1,0
BRDA:84,8,0,1
BRDA:84,8,1,0
BRDA:85,9,0,1
BRDA:85,9,1,0
BRDA:86,10,0,1
BRDA:86,10,1,0
BRDA:104,11,0,0
BRDA:104,12,0,0
BRDA:119,13,0,0
BRDA:121,14,0,1
BRDA:121,14,1,0
BRDA:127,15,0,1
BRDA:127,15,1,0
BRDA:154,16,0,1
BRDA:154,17,0,3
BRDA:154,17,1,3
BRDA:165,18,0,0
BRDA:165,19,0,2
BRDA:165,19,1,2
BRDA:176,20,0,2
BRDA:191,21,0,0
BRDA:196,22,0,1
BRDA:196,22,1,1
BRDA:210,23,0,1
BRDA:211,24,0,1
BRDA:214,25,0,2
BRDA:215,26,0,2
BRDA:226,27,0,1
BRDA:231,28,0,0
BRDA:239,29,0,0
BRDA:241,30,0,2
BRDA:241,30,1,0
BRDA:247,31,0,2
BRDA:247,31,1,0
BRDA:279,32,0,1
BRDA:279,33,0,3
BRDA:279,33,1,2
BRDA:284,34,0,0
BRDA:284,35,0,2
BRDA:284,35,1,0
BRDA:284,35,2,0
BRDA:291,36,0,1
BRDA:293,37,0,0
BRDA:299,38,0,1
BRDA:303,39,0,1
BRDA:307,40,0,0
BRDA:318,41,0,0
BRDA:337,42,0,1
BRDA:338,43,0,1
BRDA:340,44,0,2
BRDA:341,45,0,2
BRDA:355,46,0,1
BRDA:363,47,0,0
BRDA:365,48,0,2
BRDA:365,48,1,0
BRDA:371,49,0,2
BRDA:371,49,1,0
BRDA:398,50,0,1
BRDA:398,51,0,3
BRDA:398,51,1,3
BRDA:409,52,0,0
BRDA:409,53,0,2
BRDA:409,53,1,2
BRDA:420,54,0,2
BRDA:435,55,0,0
BRDA:454,56,0,0
BRDA:455,57,0,0
BRDA:458,58,0,0
BRDA:459,59,0,0
BRDA:473,60,0,0
BRDA:477,61,0,0
BRDA:485,62,0,0
BRDA:487,63,0,0
BRDA:487,63,1,0
BRDA:493,64,0,0
BRDA:493,64,1,0
BRF:90
BRH:48
end_of_record
TN:
SF:src/controllers/auth.controller.ts
FN:26,(anonymous_0)
FN:36,(anonymous_1)
FN:60,(anonymous_2)
FN:136,(anonymous_3)
FN:190,(anonymous_4)
FN:203,(anonymous_5)
FN:254,(anonymous_6)
FNF:7
FNH:4
FNDA:2,(anonymous_0)
FNDA:4,(anonymous_1)
FNDA:1,(anonymous_2)
FNDA:5,(anonymous_3)
FNDA:0,(anonymous_4)
FNDA:0,(anonymous_5)
FNDA:0,(anonymous_6)
DA:6,1
DA:7,1
DA:8,1
DA:14,1
DA:15,1
DA:26,1
DA:27,2
DA:28,2
DA:36,1
DA:37,4
DA:40,4
DA:41,1
DA:50,3
DA:51,3
DA:52,1
DA:58,2
DA:59,2
DA:60,1
DA:67,1
DA:68,1
DA:69,0
DA:75,1
DA:81,1
DA:82,0
DA:86,1
DA:92,1
DA:93,0
DA:97,1
DA:100,1
DA:113,1
DA:116,1
DA:119,1
DA:136,1
DA:137,5
DA:140,5
DA:141,1
DA:148,4
DA:154,4
DA:155,1
DA:159,3
DA:160,1
DA:164,2
DA:165,2
DA:166,1
DA:170,1
DA:173,1
DA:190,1
DA:191,0
DA:203,1
DA:204,0
DA:207,0
DA:208,0
DA:215,0
DA:216,0
DA:218,0
DA:222,0
DA:228,0
DA:229,0
DA:233,0
DA:234,0
DA:238,0
DA:241,0
DA:254,1
DA:255,0
DA:256,0
DA:259,0
DA:265,0
DA:266,0
DA:269,0
LF:69
LH:46
BRDA:37,0,0,4
BRDA:40,1,0,1
BRDA:40,2,0,4
BRDA:40,2,1,4
BRDA:40,2,2,3
BRDA:40,2,3,3
BRDA:42,3,0,0
BRDA:42,3,1,1
BRDA:43,4,0,1
BRDA:43,4,1,0
BRDA:44,5,0,1
BRDA:44,5,1,0
BRDA:45,6,0,1
BRDA:45,6,1,0
BRDA:51,7,0,1
BRDA:59,8,0,1
BRDA:68,9,0,0
BRDA:81,10,0,0
BRDA:92,11,0,0
BRDA:113,12,0,0
BRDA:140,13,0,1
BRDA:140,14,0,5
BRDA:140,14,1,4
BRDA:142,15,0,1
BRDA:142,15,1,0
BRDA:143,16,0,1
BRDA:143,16,1,0
BRDA:154,17,0,1
BRDA:154,18,0,4
BRDA:154,18,1,3
BRDA:159,19,0,1
BRDA:165,20,0,1
BRDA:207,21,0,0
BRDA:228,22,0,0
BRDA:228,23,0,0
BRDA:228,23,1,0
BRDA:233,24,0,0
BRDA:255,25,0,0
BRDA:265,26,0,0
BRDA:265,27,0,0
BRDA:265,27,1,0
BRF:41
BRH:22
end_of_record
TN:
SF:src/controllers/billing.controller.ts
FN:25,(anonymous_0)
FN:53,(anonymous_1)
FN:112,(anonymous_2)
FN:166,(anonymous_3)
FN:217,(anonymous_4)
FN:349,(anonymous_5)
FN:408,(anonymous_6)
FN:459,(anonymous_7)
FN:515,(anonymous_8)
FN:559,(anonymous_9)
FN:615,(anonymous_10)
FN:649,(anonymous_11)
FN:693,(anonymous_12)
FN:733,(anonymous_13)
FN:734,(anonymous_14)
FNF:15
FNH:4
FNDA:0,(anonymous_0)
FNDA:0,(anonymous_1)
FNDA:0,(anonymous_2)
FNDA:0,(anonymous_3)
FNDA:3,(anonymous_4)
FNDA:1,(anonymous_5)
FNDA:1,(anonymous_6)
FNDA:0,(anonymous_7)
FNDA:0,(anonymous_8)
FNDA:1,(anonymous_9)
FNDA:0,(anonymous_10)
FNDA:0,(anonymous_11)
FNDA:0,(anonymous_12)
FNDA:0,(anonymous_13)
FNDA:0,(anonymous_14)
DA:7,1
DA:8,1
DA:12,1
DA:15,1
DA:25,1
DA:26,0
DA:28,0
DA:35,0
DA:36,0
DA:42,0
DA:53,1
DA:54,0
DA:55,0
DA:56,0
DA:59,0
DA:60,0
DA:63,0
DA:69,0
DA:70,0
DA:73,0
DA:74,0
DA:78,0
DA:93,0
DA:94,0
DA:100,0
DA:112,1
DA:113,0
DA:114,0
DA:115,0
DA:118,0
DA:119,0
DA:122,0
DA:128,0
DA:129,0
DA:132,0
DA:133,0
DA:137,0
DA:147,0
DA:148,0
DA:154,0
DA:166,1
DA:167,0
DA:168,0
DA:169,0
DA:172,0
DA:175,0
DA:181,0
DA:182,0
DA:185,0
DA:186,0
DA:190,0
DA:195,0
DA:196,0
DA:202,0
DA:217,1
DA:218,3
DA:219,3
DA:220,1
DA:223,2
DA:225,2
DA:226,1
DA:230,1
DA:236,1
DA:237,0
DA:240,1
DA:241,0
DA:245,1
DA:253,1
DA:254,0
DA:258,1
DA:259,1
DA:260,1
DA:262,1
DA:263,1
DA:271,1
DA:272,0
DA:275,1
DA:276,1
DA:277,1
DA:280,0
DA:289,0
DA:290,0
DA:293,0
DA:294,0
DA:295,0
DA:299,1
DA:300,1
DA:303,1
DA:304,1
DA:307,1
DA:327,1
DA:328,0
DA:334,1
DA:349,1
DA:350,1
DA:351,1
DA:352,0
DA:355,1
DA:357,1
DA:368,1
DA:369,0
DA:373,1
DA:374,0
DA:378,1
DA:387,1
DA:393,1
DA:408,1
DA:409,1
DA:410,1
DA:411,0
DA:414,1
DA:415,1
DA:417,1
DA:427,1
DA:428,0
DA:431,1
DA:433,1
DA:434,0
DA:440,1
DA:459,1
DA:460,0
DA:461,0
DA:462,0
DA:465,0
DA:467,0
DA:473,0
DA:474,0
DA:477,0
DA:478,0
DA:481,0
DA:482,0
DA:485,0
DA:493,0
DA:494,0
DA:500,0
DA:515,1
DA:516,0
DA:517,0
DA:518,0
DA:521,0
DA:524,0
DA:530,0
DA:531,0
DA:534,0
DA:535,0
DA:538,0
DA:544,0
DA:545,0
DA:548,0
DA:559,1
DA:560,1
DA:561,1
DA:562,0
DA:565,1
DA:566,1
DA:569,1
DA:579,1
DA:580,0
DA:583,1
DA:585,1
DA:586,0
DA:592,1
DA:615,1
DA:616,0
DA:617,0
DA:618,0
DA:621,0
DA:631,0
DA:632,0
DA:638,0
DA:649,1
DA:650,0
DA:651,0
DA:652,0
DA:655,0
DA:657,0
DA:666,0
DA:667,0
DA:668,0
DA:669,0
DA:671,0
DA:675,0
DA:693,1
DA:694,0
DA:695,0
DA:696,0
DA:699,0
DA:700,0
DA:702,0
DA:713,0
DA:714,0
DA:717,0
DA:719,0
DA:720,0
DA:727,0
DA:733,0
DA:734,0
DA:735,0
DA:737,0
LF:199
LH:71
BRDA:35,0,0,0
BRDA:44,1,0,0
BRDA:44,1,1,0
BRDA:55,2,0,0
BRDA:69,3,0,0
BRDA:69,4,0,0
BRDA:69,4,1,0
BRDA:73,5,0,0
BRDA:73,6,0,0
BRDA:73,6,1,0
BRDA:85,7,0,0
BRDA:85,7,1,0
BRDA:86,8,0,0
BRDA:86,8,1,0
BRDA:87,9,0,0
BRDA:87,9,1,0
BRDA:88,10,0,0
BRDA:88,10,1,0
BRDA:93,11,0,0
BRDA:114,12,0,0
BRDA:128,13,0,0
BRDA:128,14,0,0
BRDA:128,14,1,0
BRDA:132,15,0,0
BRDA:132,16,0,0
BRDA:132,16,1,0
BRDA:147,17,0,0
BRDA:168,18,0,0
BRDA:181,19,0,0
BRDA:181,20,0,0
BRDA:181,20,1,0
BRDA:185,21,0,0
BRDA:185,22,0,0
BRDA:185,22,1,0
BRDA:195,23,0,0
BRDA:219,24,0,1
BRDA:225,25,0,1
BRDA:236,26,0,0
BRDA:236,27,0,1
BRDA:236,27,1,1
BRDA:240,28,0,0
BRDA:253,29,0,0
BRDA:262,30,0,1
BRDA:262,30,1,0
BRDA:271,31,0,0
BRDA:289,32,0,0
BRDA:300,33,0,1
BRDA:300,33,1,0
BRDA:327,34,0,0
BRDA:351,35,0,0
BRDA:368,36,0,0
BRDA:368,37,0,1
BRDA:368,37,1,1
BRDA:373,38,0,0
BRDA:373,39,0,1
BRDA:373,39,1,0
BRDA:373,39,2,0
BRDA:410,40,0,0
BRDA:414,41,0,1
BRDA:414,42,0,1
BRDA:427,43,0,0
BRDA:433,44,0,0
BRDA:443,45,0,1
BRDA:443,45,1,0
BRDA:445,46,0,1
BRDA:445,46,1,0
BRDA:448,47,0,1
BRDA:448,47,1,0
BRDA:461,48,0,0
BRDA:473,49,0,0
BRDA:473,50,0,0
BRDA:473,50,1,0
BRDA:477,51,0,0
BRDA:477,52,0,0
BRDA:477,52,1,0
BRDA:481,53,0,0
BRDA:493,54,0,0
BRDA:517,55,0,0
BRDA:530,56,0,0
BRDA:534,57,0,0
BRDA:534,58,0,0
BRDA:534,58,1,0
BRDA:534,58,2,0
BRDA:544,59,0,0
BRDA:544,60,0,0
BRDA:544,60,1,0
BRDA:561,61,0,0
BRDA:565,62,0,1
BRDA:565,63,0,1
BRDA:579,64,0,0
BRDA:585,65,0,0
BRDA:595,66,0,1
BRDA:595,66,1,0
BRDA:597,67,0,1
BRDA:597,67,1,0
BRDA:600,68,0,1
BRDA:600,68,1,0
BRDA:617,69,0,0
BRDA:631,70,0,0
BRDA:640,71,0,0
BRDA:640,71,1,0
BRDA:651,72,0,0
BRDA:667,73,0,0
BRDA:668,74,0,0
BRDA:668,74,1,0
BRDA:679,75,0,0
BRDA:679,75,1,0
BRDA:695,76,0,0
BRDA:695,77,0,0
BRDA:695,77,1,0
BRDA:695,77,2,0
BRDA:699,78,0,0
BRDA:699,79,0,0
BRDA:713,80,0,0
BRDA:719,81,0,0
BRDA:733,82,0,0
BRDA:733,82,1,0
BRDA:734,83,0,0
BRDA:734,83,1,0
BRDA:740,84,0,0
BRDA:740,84,1,0
BRDA:742,85,0,0
BRDA:742,85,1,0
BRDA:748,86,0,0
BRDA:748,86,1,0
BRDA:751,87,0,0
BRDA:751,87,1,0
BRF:127
BRH:19
end_of_record
TN:
SF:src/controllers/bookmark.controller.ts
FN:16,(anonymous_0)
FN:60,(anonymous_1)
FN:136,(anonymous_2)
FN:178,(anonymous_3)
FNF:4
FNH:4
FNDA:2,(anonymous_0)
FNDA:4,(anonymous_1)
FNDA:2,(anonymous_2)
FNDA:2,(anonymous_3)
DA:6,1
DA:7,1
DA:8,1
DA:16,1
DA:17,2
DA:18,0
DA:21,2
DA:48,2
DA:60,1
DA:61,4
DA:62,0
DA:65,4
DA:67,4
DA:68,1
DA:72,3
DA:76,3
DA:77,1
DA:81,2
DA:90,2
DA:91,1
DA:94,1
DA:123,1
DA:136,1
DA:137,2
DA:138,0
DA:141,2
DA:144,2
DA:153,2
DA:154,1
DA:157,1
DA:166,1
DA:178,1
DA:179,2
DA:180,0
DA:183,2
DA:185,2
DA:194,2
LF:37
LH:33
BRDA:17,0,0,0
BRDA:61,1,0,0
BRDA:67,2,0,1
BRDA:76,3,0,1
BRDA:90,4,0,1
BRDA:137,5,0,0
BRDA:153,6,0,1
BRDA:179,7,0,0
BRF:8
BRH:4
end_of_record
TN:
SF:src/controllers/category.controller.ts
FN:16,(anonymous_0)
FN:37,(anonymous_1)
FN:62,(anonymous_2)
FN:92,(anonymous_3)
FN:120,(anonymous_4)
FNF:5
FNH:3
FNDA:2,(anonymous_0)
FNDA:2,(anonymous_1)
FNDA:4,(anonymous_2)
FNDA:0,(anonymous_3)
FNDA:0,(anonymous_4)
DA:7,1
DA:8,1
DA:9,1
DA:16,1
DA:17,2
DA:23,2
DA:25,2
DA:37,1
DA:38,2
DA:40,2
DA:46,2
DA:47,1
DA:50,1
DA:62,1
DA:63,4
DA:65,4
DA:66,2
DA:69,2
DA:75,2
DA:76,1
DA:79,1
DA:92,1
DA:93,0
DA:94,0
DA:96,0
DA:103,0
DA:104,0
DA:107,0
DA:120,1
DA:121,0
DA:123,0
DA:128,0
DA:129,0
DA:132,0
LF:34
LH:23
BRDA:23,0,0,0
BRDA:27,1,0,2
BRDA:27,1,1,0
BRDA:46,2,0,1
BRDA:46,3,0,2
BRDA:46,3,1,1
BRDA:65,4,0,2
BRDA:65,5,0,4
BRDA:65,5,1,3
BRDA:75,6,0,1
BRDA:103,7,0,0
BRDA:103,8,0,0
BRDA:103,8,1,0
BRDA:128,9,0,0
BRF:14
BRH:8
end_of_record
TN:
SF:src/controllers/creator-application-admin.controller.ts
FN:27,(anonymous_0)
FN:41,(anonymous_1)
FN:105,(anonymous_2)
FN:136,(anonymous_3)
FN:258,(anonymous_4)
FNF:5
FNH:5
FNDA:25,(anonymous_0)
FNDA:8,(anonymous_1)
FNDA:3,(anonymous_2)
FNDA:11,(anonymous_3)
FNDA:3,(anonymous_4)
DA:7,1
DA:8,1
DA:9,1
DA:27,1
DA:28,25
DA:29,1
DA:31,24
DA:32,5
DA:41,1
DA:42,8
DA:51,5
DA:53,5
DA:54,5
DA:56,5
DA:64,5
DA:65,1
DA:69,5
DA:74,5
DA:78,5
DA:80,5
DA:81,5
DA:83,5
DA:105,1
DA:106,3
DA:108,2
DA:110,2
DA:120,2
DA:121,1
DA:124,1
DA:136,1
DA:137,11
DA:139,10
DA:140,10
DA:143,10
DA:144,10
DA:145,2
DA:149,8
DA:155,8
DA:156,1
DA:160,7
DA:161,1
DA:165,6
DA:166,1
DA:170,5
DA:176,5
DA:177,1
DA:180,5
DA:185,5
DA:188,5
DA:190,4
DA:195,4
DA:198,4
DA:204,4
DA:205,4
DA:216,4
DA:217,0
DA:223,4
DA:234,5
DA:243,5
DA:245,5
DA:258,1
DA:259,3
DA:266,2
DA:273,2
LF:64
LH:63
BRDA:28,0,0,1
BRDA:31,1,0,5
BRDA:45,2,0,1
BRDA:46,3,0,1
BRDA:49,4,0,5
BRDA:50,5,0,5
BRDA:64,6,0,1
BRDA:69,7,0,0
BRDA:78,8,0,0
BRDA:80,9,0,5
BRDA:80,9,1,2
BRDA:86,10,0,5
BRDA:86,10,1,0
BRDA:120,11,0,1
BRDA:120,12,0,2
BRDA:120,12,1,1
BRDA:144,13,0,2
BRDA:144,14,0,10
BRDA:144,14,1,9
BRDA:155,15,0,1
BRDA:155,16,0,8
BRDA:155,16,1,7
BRDA:160,17,0,1
BRDA:165,18,0,1
BRDA:165,19,0,6
BRDA:165,19,1,2
BRDA:176,20,0,1
BRDA:176,21,0,5
BRDA:176,21,1,1
BRDA:185,22,0,0
BRDA:188,23,0,4
BRDA:195,24,0,0
BRDA:204,25,0,4
BRDA:211,26,0,4
BRDA:211,26,1,0
BRDA:216,27,0,0
BRDA:243,28,0,0
BRDA:276,29,0,2
BRDA:276,29,1,1
BRDA:277,30,0,2
BRDA:277,30,1,1
BRDA:278,31,0,2
BRDA:278,31,1,1
BRDA:279,32,0,2
BRDA:279,32,1,1
BRF:45
BRH:37
end_of_record
TN:
SF:src/controllers/creator-application.controller.ts
FN:26,(anonymous_0)
FN:71,(anonymous_1)
FN:161,(anonymous_2)
FN:185,(anonymous_3)
FN:220,(anonymous_4)
FN:294,(anonymous_5)
FNF:6
FNH:5
FNDA:3,(anonymous_0)
FNDA:2,(anonymous_1)
FNDA:1,(anonymous_2)
FNDA:0,(anonymous_3)
FNDA:2,(anonymous_4)
FNDA:2,(anonymous_5)
DA:6,1
DA:7,1
DA:8,1
DA:26,1
DA:27,3
DA:28,1
DA:31,2
DA:37,2
DA:38,0
DA:41,2
DA:42,1
DA:46,1
DA:49,1
DA:71,1
DA:72,2
DA:73,1
DA:77,1
DA:78,1
DA:82,0
DA:88,0
DA:89,0
DA:90,0
DA:92,0
DA:93,0
DA:96,0
DA:97,0
DA:105,0
DA:108,0
DA:109,0
DA:112,0
DA:113,0
DA:117,0
DA:118,0
DA:119,0
DA:121,0
DA:125,0
DA:139,0
DA:141,0
DA:161,1
DA:162,1
DA:163,1
DA:166,0
DA:167,0
DA:168,0
DA:169,0
DA:171,0
DA:177,0
DA:178,0
DA:181,0
DA:183,0
DA:185,0
DA:205,0
DA:220,1
DA:221,2
DA:222,1
DA:225,1
DA:228,1
DA:229,1
DA:230,1
DA:234,0
DA:240,0
DA:241,0
DA:244,0
DA:245,0
DA:249,0
DA:258,0
DA:261,0
DA:266,0
DA:269,0
DA:280,0
DA:282,0
DA:285,0
DA:294,1
DA:295,2
DA:296,1
DA:299,1
DA:300,1
DA:303,1
DA:304,1
DA:305,1
DA:309,0
DA:315,0
DA:316,0
DA:319,0
DA:320,0
DA:324,0
DA:334,0
DA:336,0
LF:88
LH:35
BRDA:27,0,0,1
BRDA:37,1,0,0
BRDA:37,2,0,2
BRDA:37,2,1,1
BRDA:41,3,0,1
BRDA:56,4,0,1
BRDA:56,4,1,0
BRDA:72,5,0,1
BRDA:77,6,0,1
BRDA:88,7,0,0
BRDA:89,8,0,0
BRDA:92,9,0,0
BRDA:96,10,0,0
BRDA:108,11,0,0
BRDA:108,12,0,0
BRDA:108,12,1,0
BRDA:112,13,0,0
BRDA:112,14,0,0
BRDA:112,14,1,0
BRDA:117,15,0,0
BRDA:117,16,0,0
BRDA:117,16,1,0
BRDA:130,17,0,0
BRDA:130,17,1,0
BRDA:131,18,0,0
BRDA:131,18,1,0
BRDA:132,19,0,0
BRDA:132,19,1,0
BRDA:139,20,0,0
BRDA:149,21,0,0
BRDA:149,21,1,0
BRDA:162,22,0,1
BRDA:162,23,0,1
BRDA:162,23,1,1
BRDA:166,24,0,0
BRDA:166,25,0,0
BRDA:167,26,0,0
BRDA:167,26,1,0
BRDA:168,27,0,0
BRDA:168,27,1,0
BRDA:177,28,0,0
BRDA:177,29,0,0
BRDA:177,29,1,0
BRDA:183,30,0,0
BRDA:185,31,0,0
BRDA:185,31,1,0
BRDA:195,32,0,0
BRDA:195,32,1,0
BRDA:209,33,0,0
BRDA:209,33,1,0
BRDA:212,34,0,0
BRDA:212,34,1,0
BRDA:221,35,0,1
BRDA:221,36,0,2
BRDA:221,36,1,2
BRDA:229,37,0,1
BRDA:240,38,0,0
BRDA:240,39,0,0
BRDA:240,39,1,0
BRDA:244,40,0,0
BRDA:258,41,0,0
BRDA:266,42,0,0
BRDA:275,43,0,0
BRDA:275,43,1,0
BRDA:280,44,0,0
BRDA:280,45,0,0
BRDA:280,45,1,0
BRDA:295,46,0,1
BRDA:295,47,0,2
BRDA:295,47,1,2
BRDA:304,48,0,1
BRDA:315,49,0,0
BRDA:315,50,0,0
BRDA:315,50,1,0
BRDA:319,51,0,0
BRDA:330,52,0,0
BRDA:330,52,1,0
BRDA:334,53,0,0
BRF:78
BRH:18
end_of_record
TN:
SF:src/controllers/creator.controller.ts
FN:20,(anonymous_0)
FN:91,(anonymous_1)
FN:156,(anonymous_2)
FN:195,(anonymous_3)
FN:296,(anonymous_4)
FN:313,(anonymous_5)
FN:314,(anonymous_6)
FN:315,(anonymous_7)
FN:316,(anonymous_8)
FN:318,(anonymous_9)
FN:320,(anonymous_10)
FNF:11
FNH:11
FNDA:2,(anonymous_0)
FNDA:3,(anonymous_1)
FNDA:3,(anonymous_2)
FNDA:5,(anonymous_3)
FNDA:3,(anonymous_4)
FNDA:2,(anonymous_5)
FNDA:2,(anonymous_6)
FNDA:2,(anonymous_7)
FNDA:2,(anonymous_8)
FNDA:2,(anonymous_9)
FNDA:2,(anonymous_10)
DA:6,1
DA:7,1
DA:8,1
DA:20,1
DA:27,2
DA:29,2
DA:30,2
DA:32,2
DA:51,2
DA:52,1
DA:56,2
DA:60,2
DA:64,2
DA:66,2
DA:67,2
DA:69,2
DA:91,1
DA:92,3
DA:95,3
DA:97,3
DA:117,3
DA:118,1
DA:120,2
DA:123,3
DA:125,3
DA:126,1
DA:130,2
DA:141,2
DA:156,1
DA:157,3
DA:158,1
DA:161,2
DA:162,1
DA:165,1
DA:171,1
DA:173,0
DA:180,0
DA:183,1
DA:195,1
DA:196,5
DA:197,1
DA:200,4
DA:201,1
DA:210,3
DA:213,3
DA:215,3
DA:216,2
DA:217,0
DA:219,2
DA:222,3
DA:223,0
DA:226,3
DA:227,0
DA:228,0
DA:230,0
DA:233,3
DA:234,0
DA:235,0
DA:237,0
DA:240,3
DA:241,0
DA:244,3
DA:245,1
DA:249,2
DA:257,2
DA:259,1
DA:266,1
DA:267,1
DA:270,1
DA:279,1
DA:280,1
DA:283,2
DA:296,1
DA:297,3
DA:298,1
DA:301,2
DA:302,1
DA:306,1
DA:311,1
DA:313,2
DA:314,2
DA:315,2
DA:316,2
DA:318,2
DA:320,2
DA:323,1
LF:86
LH:75
BRDA:22,0,0,1
BRDA:23,1,0,1
BRDA:25,2,0,1
BRDA:26,3,0,1
BRDA:51,4,0,1
BRDA:56,5,0,2
BRDA:56,5,1,0
BRDA:57,6,0,0
BRDA:57,6,1,0
BRDA:58,7,0,0
BRDA:58,7,1,0
BRDA:64,8,0,0
BRDA:66,9,0,2
BRDA:66,9,1,0
BRDA:72,10,0,2
BRDA:72,10,1,0
BRDA:117,11,0,1
BRDA:117,11,1,2
BRDA:125,12,0,1
BRDA:125,13,0,3
BRDA:125,13,1,2
BRDA:145,14,0,2
BRDA:145,14,1,0
BRDA:157,15,0,1
BRDA:161,16,0,1
BRDA:161,17,0,2
BRDA:161,17,1,1
BRDA:171,18,0,0
BRDA:171,19,0,1
BRDA:171,19,1,1
BRDA:196,20,0,1
BRDA:200,21,0,1
BRDA:200,22,0,4
BRDA:200,22,1,1
BRDA:215,23,0,2
BRDA:216,24,0,0
BRDA:222,25,0,0
BRDA:226,26,0,0
BRDA:227,27,0,0
BRDA:233,28,0,0
BRDA:234,29,0,0
BRDA:234,30,0,0
BRDA:234,30,1,0
BRDA:240,31,0,0
BRDA:244,32,0,1
BRDA:257,33,0,1
BRDA:257,33,1,1
BRDA:266,34,0,0
BRDA:279,35,0,0
BRDA:297,36,0,1
BRDA:301,37,0,1
BRDA:301,38,0,2
BRDA:301,38,1,1
BRDA:312,39,0,1
BRDA:312,39,1,0
BRDA:313,40,0,1
BRDA:313,40,1,0
BRDA:314,41,0,1
BRDA:314,41,1,1
BRDA:315,42,0,1
BRDA:315,42,1,0
BRDA:315,43,0,2
BRDA:315,43,1,0
BRDA:316,44,0,1
BRDA:316,44,1,1
BRDA:316,45,0,2
BRDA:316,45,1,2
BRDA:317,46,0,1
BRDA:317,46,1,0
BRDA:318,47,0,2
BRDA:318,47,1,0
BRDA:320,48,0,1
BRDA:320,48,1,0
BRDA:320,49,0,2
BRDA:320,49,1,0
BRF:75
BRH:46
end_of_record
TN:
SF:src/controllers/payment.controller.ts
FN:21,(anonymous_1)
FN:166,(anonymous_2)
FN:232,(anonymous_3)
FN:321,(anonymous_4)
FN:417,(anonymous_5)
FN:475,grantAccessAndCreateInvoice
FN:567,(anonymous_7)
FN:579,(anonymous_8)
FN:597,(anonymous_9)
FN:606,getPaymentInstructions
FNF:10
FNH:3
FNDA:3,(anonymous_1)
FNDA:0,(anonymous_2)
FNDA:1,(anonymous_3)
FNDA:0,(anonymous_4)
FNDA:0,(anonymous_5)
FNDA:1,grantAccessAndCreateInvoice
FNDA:0,(anonymous_7)
FNDA:0,(anonymous_8)
FNDA:0,(anonymous_9)
FNDA:0,getPaymentInstructions
DA:7,1
DA:8,1
DA:9,1
DA:10,1
DA:11,1
DA:21,1
DA:22,3
DA:23,3
DA:24,1
DA:27,2
DA:29,2
DA:30,1
DA:34,1
DA:44,1
DA:45,0
DA:48,1
DA:49,0
DA:52,1
DA:53,0
DA:57,1
DA:58,0
DA:59,0
DA:63,1
DA:66,1
DA:67,1
DA:70,1
DA:72,1
DA:73,1
DA:75,1
DA:76,1
DA:78,1
DA:93,1
DA:95,0
DA:97,0
DA:101,0
DA:105,1
DA:125,1
DA:126,0
DA:133,1
DA:152,1
DA:166,1
DA:167,0
DA:169,0
DA:178,0
DA:179,0
DA:183,0
DA:184,0
DA:185,0
DA:186,0
DA:189,0
DA:190,0
DA:200,0
DA:201,0
DA:206,0
DA:209,0
DA:212,0
DA:217,0
DA:232,1
DA:233,1
DA:236,1
DA:237,0
DA:238,0
DA:241,1
DA:242,1
DA:249,1
DA:252,1
DA:258,1
DA:259,0
DA:260,0
DA:264,1
DA:265,1
DA:266,1
DA:268,1
DA:270,1
DA:271,1
DA:272,1
DA:274,0
DA:275,0
DA:276,0
DA:278,0
DA:279,0
DA:280,0
DA:282,0
DA:286,1
DA:298,1
DA:307,1
DA:308,1
DA:311,1
DA:314,1
DA:321,1
DA:323,0
DA:324,0
DA:335,0
DA:337,0
DA:343,0
DA:349,0
DA:350,0
DA:351,0
DA:354,0
DA:355,0
DA:356,0
DA:359,0
DA:362,0
DA:363,0
DA:364,0
DA:366,0
DA:367,0
DA:370,0
DA:371,0
DA:372,0
DA:374,0
DA:375,0
DA:376,0
DA:378,0
DA:379,0
DA:380,0
DA:382,0
DA:386,0
DA:397,0
DA:406,0
DA:407,0
DA:410,0
DA:417,1
DA:418,0
DA:419,0
DA:420,0
DA:423,0
DA:425,0
DA:431,0
DA:432,0
DA:435,0
DA:436,0
DA:440,0
DA:450,0
DA:459,0
DA:461,0
DA:477,1
DA:488,1
DA:489,0
DA:490,0
DA:494,1
DA:495,1
DA:496,1
DA:497,1
DA:498,1
DA:502,1
DA:516,1
DA:517,0
DA:521,1
DA:522,1
DA:525,1
DA:551,1
DA:552,0
DA:556,1
DA:559,1
DA:560,1
DA:567,0
DA:570,1
DA:571,1
DA:579,0
DA:584,1
DA:585,1
DA:586,1
DA:588,1
DA:597,0
DA:600,1
DA:607,0
DA:613,0
DA:620,0
DA:622,0
DA:636,0
DA:647,0
DA:659,0
LF:173
LH:78
BRDA:23,0,0,1
BRDA:29,1,0,1
BRDA:44,2,0,0
BRDA:44,3,0,1
BRDA:44,3,1,1
BRDA:48,4,0,0
BRDA:52,5,0,0
BRDA:57,6,0,0
BRDA:57,7,0,1
BRDA:57,7,1,0
BRDA:70,8,0,1
BRDA:70,8,1,1
BRDA:75,9,0,1
BRDA:75,9,1,0
BRDA:83,10,0,1
BRDA:83,10,1,0
BRDA:84,11,0,1
BRDA:84,11,1,0
BRDA:110,12,0,1
BRDA:110,12,1,1
BRDA:111,13,0,1
BRDA:111,13,1,0
BRDA:112,14,0,1
BRDA:112,14,1,0
BRDA:116,15,0,1
BRDA:116,15,1,0
BRDA:117,16,0,1
BRDA:117,16,1,0
BRDA:125,17,0,0
BRDA:135,18,0,1
BRDA:135,18,1,0
BRDA:155,19,0,1
BRDA:155,19,1,0
BRDA:178,20,0,0
BRDA:178,21,0,0
BRDA:178,21,1,0
BRDA:183,22,0,0
BRDA:183,23,0,0
BRDA:183,23,1,0
BRDA:189,24,0,0
BRDA:193,25,0,0
BRDA:193,25,1,0
BRDA:194,26,0,0
BRDA:194,26,1,0
BRDA:200,27,0,0
BRDA:200,28,0,0
BRDA:200,28,1,0
BRDA:209,29,0,0
BRDA:209,29,1,0
BRDA:236,30,0,0
BRDA:258,31,0,0
BRDA:258,32,0,1
BRDA:258,32,1,1
BRDA:265,33,0,1
BRDA:265,33,1,0
BRDA:268,34,0,1
BRDA:268,34,1,0
BRDA:268,34,2,0
BRDA:268,34,3,0
BRDA:291,35,0,1
BRDA:291,35,1,0
BRDA:292,36,0,1
BRDA:292,36,1,0
BRDA:307,37,0,1
BRDA:323,38,0,0
BRDA:349,39,0,0
BRDA:349,40,0,0
BRDA:349,40,1,0
BRDA:359,41,0,0
BRDA:359,41,1,0
BRDA:359,41,2,0
BRDA:359,41,3,0
BRDA:359,41,4,0
BRDA:359,41,5,0
BRDA:359,41,6,0
BRDA:359,41,7,0
BRDA:391,42,0,0
BRDA:391,42,1,0
BRDA:406,43,0,0
BRDA:419,44,0,0
BRDA:419,45,0,0
BRDA:419,45,1,0
BRDA:431,46,0,0
BRDA:431,47,0,0
BRDA:431,47,1,0
BRDA:435,48,0,0
BRDA:488,49,0,0
BRDA:488,50,0,1
BRDA:488,50,1,1
BRDA:495,51,0,1
BRDA:516,52,0,0
BRDA:522,53,0,1
BRDA:522,53,1,0
BRDA:530,54,0,1
BRDA:530,54,1,0
BRDA:531,55,0,1
BRDA:531,55,1,0
BRDA:532,56,0,1
BRDA:532,56,1,0
BRDA:533,57,0,1
BRDA:533,57,1,0
BRDA:551,58,0,0
BRDA:556,59,0,1
BRDA:556,59,1,0
BRDA:559,60,0,1
BRDA:561,61,0,1
BRDA:561,61,1,0
BRDA:563,62,0,1
BRDA:563,62,1,0
BRDA:570,63,0,1
BRDA:572,64,0,1
BRDA:572,64,1,0
BRDA:575,65,0,1
BRDA:575,65,1,0
BRDA:584,66,0,1
BRDA:585,67,0,1
BRDA:585,67,1,0
BRDA:589,68,0,1
BRDA:589,68,1,0
BRDA:590,69,0,1
BRDA:590,69,1,0
BRDA:591,70,0,1
BRDA:591,70,1,0
BRDA:592,71,0,1
BRDA:592,71,1,0
BRDA:620,72,0,0
BRDA:620,72,1,0
BRDA:620,72,2,0
BRDA:620,72,3,0
BRF:129
BRH:46
end_of_record
TN:
SF:src/controllers/payout.controller.ts
FN:19,(anonymous_0)
FN:60,(anonymous_1)
FN:79,(anonymous_2)
FN:118,(anonymous_3)
FN:145,(anonymous_4)
FN:197,(anonymous_5)
FN:230,(anonymous_6)
FN:275,(anonymous_7)
FN:310,(anonymous_8)
FN:399,(anonymous_9)
FN:414,(anonymous_10)
FN:469,(anonymous_11)
FN:516,(anonymous_12)
FN:602,(anonymous_13)
FN:619,calculateCreatorBalance
FN:634,(anonymous_15)
FN:655,(anonymous_16)
FNF:17
FNH:5
FNDA:2,(anonymous_0)
FNDA:1,(anonymous_1)
FNDA:0,(anonymous_2)
FNDA:0,(anonymous_3)
FNDA:1,(anonymous_4)
FNDA:0,(anonymous_5)
FNDA:0,(anonymous_6)
FNDA:4,(anonymous_7)
FNDA:0,(anonymous_8)
FNDA:0,(anonymous_9)
FNDA:0,(anonymous_10)
FNDA:0,(anonymous_11)
FNDA:3,(anonymous_12)
FNDA:0,(anonymous_13)
FNDA:0,calculateCreatorBalance
FNDA:0,(anonymous_15)
FNDA:0,(anonymous_16)
DA:7,1
DA:8,1
DA:9,1
DA:19,1
DA:20,2
DA:21,2
DA:22,1
DA:26,1
DA:32,1
DA:34,0
DA:36,0
DA:45,0
DA:46,0
DA:48,0
DA:49,1
DA:50,0
DA:54,1
DA:60,1
DA:62,1
DA:79,1
DA:80,0
DA:81,0
DA:82,0
DA:85,0
DA:87,0
DA:98,0
DA:99,0
DA:102,0
DA:118,1
DA:119,0
DA:120,0
DA:121,0
DA:124,0
DA:130,0
DA:131,0
DA:134,0
DA:145,1
DA:146,1
DA:147,1
DA:148,0
DA:151,1
DA:153,1
DA:154,0
DA:161,1
DA:162,0
DA:168,1
DA:181,1
DA:182,0
DA:185,1
DA:197,1
DA:198,0
DA:199,0
DA:200,0
DA:203,0
DA:205,0
DA:211,0
DA:212,0
DA:215,0
DA:230,1
DA:231,0
DA:232,0
DA:233,0
DA:236,0
DA:237,0
DA:239,0
DA:246,0
DA:247,0
DA:250,0
DA:252,0
DA:253,0
DA:256,0
DA:275,1
DA:276,4
DA:277,4
DA:278,0
DA:282,4
DA:283,1
DA:286,3
DA:288,3
DA:289,0
DA:293,3
DA:299,3
DA:300,0
DA:304,3
DA:310,3
DA:311,3
DA:313,3
DA:314,1
DA:321,2
DA:322,2
DA:323,0
DA:331,2
DA:332,0
DA:338,0
DA:341,2
DA:347,2
DA:350,2
DA:351,1
DA:358,1
DA:359,1
DA:360,1
DA:361,1
DA:364,1
DA:365,1
DA:368,1
DA:386,1
DA:387,0
DA:391,1
DA:392,1
DA:399,0
DA:402,1
DA:414,1
DA:415,0
DA:416,0
DA:417,0
DA:420,0
DA:423,0
DA:430,0
DA:431,0
DA:434,0
DA:435,0
DA:441,0
DA:450,0
DA:451,0
DA:454,0
DA:469,1
DA:470,0
DA:471,0
DA:472,0
DA:475,0
DA:476,0
DA:478,0
DA:487,0
DA:488,0
DA:491,0
DA:493,0
DA:494,0
DA:497,0
DA:516,1
DA:517,3
DA:518,3
DA:519,1
DA:522,2
DA:523,2
DA:525,2
DA:526,0
DA:529,2
DA:535,2
DA:536,0
DA:539,2
DA:540,0
DA:546,2
DA:549,2
DA:562,2
DA:563,0
DA:567,2
DA:569,1
DA:575,1
DA:576,1
DA:588,2
DA:594,2
DA:595,2
DA:602,0
DA:605,2
DA:621,0
DA:627,0
DA:628,0
DA:630,0
DA:631,0
DA:632,0
DA:634,0
DA:635,0
DA:636,0
DA:638,0
DA:639,0
DA:641,0
DA:642,0
DA:644,0
DA:649,0
DA:655,0
DA:658,0
DA:660,0
LF:182
LH:81
BRDA:21,0,0,1
BRDA:32,1,0,0
BRDA:32,1,1,1
BRDA:32,2,0,1
BRDA:32,2,1,0
BRDA:45,3,0,0
BRDA:49,4,0,0
BRDA:60,5,0,1
BRDA:60,5,1,0
BRDA:81,6,0,0
BRDA:98,7,0,0
BRDA:120,8,0,0
BRDA:130,9,0,0
BRDA:136,10,0,0
BRDA:136,10,1,0
BRDA:147,11,0,0
BRDA:153,12,0,0
BRDA:153,13,0,1
BRDA:153,13,1,1
BRDA:153,13,2,1
BRDA:161,14,0,0
BRDA:176,15,0,1
BRDA:176,15,1,1
BRDA:181,16,0,0
BRDA:199,17,0,0
BRDA:211,18,0,0
BRDA:232,19,0,0
BRDA:236,20,0,0
BRDA:236,21,0,0
BRDA:246,22,0,0
BRDA:252,23,0,0
BRDA:259,24,0,0
BRDA:259,24,1,0
BRDA:263,25,0,0
BRDA:263,25,1,0
BRDA:264,26,0,0
BRDA:264,26,1,0
BRDA:277,27,0,0
BRDA:282,28,0,1
BRDA:282,29,0,4
BRDA:282,29,1,1
BRDA:288,30,0,0
BRDA:288,31,0,3
BRDA:288,31,1,3
BRDA:299,32,0,0
BRDA:310,33,0,3
BRDA:310,33,1,3
BRDA:313,34,0,1
BRDA:322,35,0,0
BRDA:331,36,0,0
BRDA:331,36,1,2
BRDA:350,37,0,1
BRDA:365,38,0,1
BRDA:365,38,1,0
BRDA:386,39,0,0
BRDA:391,40,0,1
BRDA:393,41,0,1
BRDA:393,41,1,0
BRDA:416,42,0,0
BRDA:430,43,0,0
BRDA:434,44,0,0
BRDA:450,45,0,0
BRDA:471,46,0,0
BRDA:471,47,0,0
BRDA:471,47,1,0
BRDA:475,48,0,0
BRDA:475,49,0,0
BRDA:487,50,0,0
BRDA:493,51,0,0
BRDA:500,52,0,0
BRDA:500,52,1,0
BRDA:504,53,0,0
BRDA:504,53,1,0
BRDA:505,54,0,0
BRDA:505,54,1,0
BRDA:518,55,0,1
BRDA:518,56,0,3
BRDA:518,56,1,3
BRDA:525,57,0,0
BRDA:535,58,0,0
BRDA:539,59,0,0
BRDA:546,60,0,1
BRDA:546,60,1,1
BRDA:553,61,0,2
BRDA:553,61,1,1
BRDA:553,62,0,1
BRDA:553,62,1,0
BRDA:562,63,0,0
BRDA:567,64,0,1
BRDA:575,65,0,1
BRDA:594,66,0,2
BRDA:596,67,0,2
BRDA:596,67,1,0
BRDA:600,68,0,1
BRDA:600,68,1,1
BRDA:607,69,0,1
BRDA:607,69,1,1
BRDA:641,70,0,0
BRDA:641,70,1,0
BRDA:655,71,0,0
BRDA:655,71,1,0
BRF:101
BRH:38
end_of_record
TN:
SF:src/controllers/refund.controller.ts
FN:18,(anonymous_0)
FN:119,(anonymous_1)
FN:167,(anonymous_2)
FN:205,(anonymous_3)
FN:265,(anonymous_4)
FN:313,(anonymous_5)
FN:463,(anonymous_6)
FNF:7
FNH:3
FNDA:4,(anonymous_0)
FNDA:0,(anonymous_1)
FNDA:0,(anonymous_2)
FNDA:1,(anonymous_3)
FNDA:0,(anonymous_4)
FNDA:3,(anonymous_5)
FNDA:0,(anonymous_6)
DA:6,1
DA:7,1
DA:8,1
DA:18,1
DA:19,4
DA:20,4
DA:21,1
DA:24,3
DA:26,3
DA:27,0
DA:34,3
DA:40,3
DA:41,0
DA:45,3
DA:46,3
DA:48,3
DA:49,0
DA:56,3
DA:57,1
DA:64,2
DA:65,1
DA:72,1
DA:73,1
DA:76,1
DA:79,1
DA:97,1
DA:98,0
DA:102,1
DA:107,1
DA:119,1
DA:120,0
DA:121,0
DA:122,0
DA:125,0
DA:126,0
DA:128,0
DA:138,0
DA:139,0
DA:142,0
DA:144,0
DA:145,0
DA:148,0
DA:167,1
DA:168,0
DA:169,0
DA:170,0
DA:173,0
DA:175,0
DA:184,0
DA:185,0
DA:189,0
DA:190,0
DA:191,0
DA:194,0
DA:205,1
DA:206,1
DA:207,1
DA:208,0
DA:211,1
DA:213,1
DA:220,1
DA:221,0
DA:224,1
DA:225,0
DA:231,1
DA:240,1
DA:241,0
DA:245,1
DA:250,1
DA:265,1
DA:266,0
DA:267,0
DA:268,0
DA:271,0
DA:272,0
DA:274,0
DA:284,0
DA:285,0
DA:288,0
DA:290,0
DA:291,0
DA:294,0
DA:313,1
DA:314,3
DA:315,3
DA:316,0
DA:319,3
DA:320,3
DA:322,3
DA:323,0
DA:329,3
DA:335,3
DA:336,0
DA:340,3
DA:344,3
DA:346,1
DA:347,0
DA:352,1
DA:353,1
DA:364,1
DA:367,1
DA:368,0
DA:373,1
DA:374,1
DA:384,1
DA:388,1
DA:391,1
DA:392,0
DA:397,1
DA:398,1
DA:407,1
DA:408,1
DA:411,1
DA:422,1
DA:423,1
DA:432,1
DA:435,0
DA:438,3
DA:443,3
DA:444,0
DA:448,3
DA:454,3
DA:455,3
DA:456,3
DA:463,0
DA:466,3
LF:126
LH:74
BRDA:20,0,0,1
BRDA:26,1,0,0
BRDA:26,2,0,3
BRDA:26,2,1,3
BRDA:40,3,0,0
BRDA:40,4,0,3
BRDA:40,4,1,3
BRDA:48,5,0,0
BRDA:48,6,0,3
BRDA:48,6,1,0
BRDA:56,7,0,1
BRDA:64,8,0,1
BRDA:73,9,0,1
BRDA:73,9,1,0
BRDA:86,10,0,1
BRDA:86,10,1,0
BRDA:90,11,0,1
BRDA:90,11,1,1
BRDA:91,12,0,1
BRDA:91,12,1,1
BRDA:97,13,0,0
BRDA:121,14,0,0
BRDA:125,15,0,0
BRDA:125,16,0,0
BRDA:138,17,0,0
BRDA:144,18,0,0
BRDA:151,19,0,0
BRDA:151,19,1,0
BRDA:155,20,0,0
BRDA:155,20,1,0
BRDA:156,21,0,0
BRDA:156,21,1,0
BRDA:169,22,0,0
BRDA:184,23,0,0
BRDA:184,24,0,0
BRDA:184,24,1,0
BRDA:190,25,0,0
BRDA:190,26,0,0
BRDA:190,26,1,0
BRDA:190,26,2,0
BRDA:190,26,3,0
BRDA:207,27,0,0
BRDA:220,28,0,0
BRDA:224,29,0,0
BRDA:240,30,0,0
BRDA:267,31,0,0
BRDA:267,32,0,0
BRDA:267,32,1,0
BRDA:271,33,0,0
BRDA:271,34,0,0
BRDA:284,35,0,0
BRDA:290,36,0,0
BRDA:297,37,0,0
BRDA:297,37,1,0
BRDA:301,38,0,0
BRDA:301,38,1,0
BRDA:302,39,0,0
BRDA:302,39,1,0
BRDA:315,40,0,0
BRDA:315,41,0,3
BRDA:315,41,1,3
BRDA:322,42,0,0
BRDA:335,43,0,0
BRDA:344,44,0,1
BRDA:344,44,1,1
BRDA:344,44,2,1
BRDA:344,44,3,0
BRDA:346,45,0,0
BRDA:356,46,0,1
BRDA:356,46,1,1
BRDA:359,47,0,1
BRDA:359,47,1,1
BRDA:360,48,0,1
BRDA:360,48,1,1
BRDA:367,49,0,0
BRDA:377,50,0,1
BRDA:377,50,1,0
BRDA:391,51,0,0
BRDA:401,52,0,1
BRDA:401,52,1,1
BRDA:414,53,0,1
BRDA:414,53,1,0
BRDA:415,54,0,1
BRDA:415,54,1,1
BRDA:416,55,0,1
BRDA:416,55,1,0
BRDA:422,56,0,1
BRDA:443,57,0,0
BRDA:454,58,0,3
BRDA:454,59,0,3
BRDA:454,59,1,3
BRDA:457,60,0,3
BRDA:457,60,1,0
BRDA:459,61,0,3
BRDA:459,61,1,0
BRF:95
BRH:38
end_of_record
TN:
SF:src/controllers/report.controller.ts
FN:25,(anonymous_0)
FN:107,(anonymous_1)
FN:153,(anonymous_2)
FNF:3
FNH:3
FNDA:6,(anonymous_0)
FNDA:2,(anonymous_1)
FNDA:5,(anonymous_2)
DA:6,1
DA:7,1
DA:8,1
DA:25,1
DA:26,6
DA:27,1
DA:30,5
DA:33,5
DA:34,1
DA:38,4
DA:48,4
DA:49,1
DA:53,3
DA:59,3
DA:60,1
DA:64,2
DA:72,2
DA:73,1
DA:77,1
DA:92,1
DA:94,1
DA:107,1
DA:108,2
DA:109,1
DA:112,1
DA:113,1
DA:114,1
DA:116,1
DA:126,1
DA:128,1
DA:129,1
DA:131,1
DA:153,1
DA:154,5
DA:155,1
DA:158,4
DA:160,4
DA:170,4
DA:171,1
DA:175,3
DA:176,1
DA:179,2
LF:42
LH:42
BRDA:26,0,0,1
BRDA:33,1,0,1
BRDA:33,2,0,5
BRDA:33,2,1,4
BRDA:48,3,0,1
BRDA:59,4,0,1
BRDA:59,5,0,3
BRDA:59,5,1,2
BRDA:72,6,0,1
BRDA:83,7,0,1
BRDA:83,7,1,0
BRDA:92,8,0,0
BRDA:108,9,0,1
BRDA:112,10,0,0
BRDA:112,11,0,0
BRDA:126,12,0,0
BRDA:128,13,0,1
BRDA:128,13,1,0
BRDA:134,14,0,1
BRDA:134,14,1,0
BRDA:154,15,0,1
BRDA:170,16,0,1
BRDA:170,17,0,4
BRDA:170,17,1,3
BRDA:175,18,0,1
BRDA:175,19,0,3
BRDA:175,19,1,2
BRF:27
BRH:20
end_of_record
TN:
SF:src/controllers/review.controller.ts
FN:26,(anonymous_0)
FN:126,(anonymous_1)
FN:167,(anonymous_2)
FN:249,(anonymous_3)
FN:273,(anonymous_4)
FN:343,(anonymous_5)
FN:367,(anonymous_6)
FN:402,(anonymous_7)
FN:425,(anonymous_8)
FNF:9
FNH:4
FNDA:2,(anonymous_0)
FNDA:0,(anonymous_1)
FNDA:4,(anonymous_2)
FNDA:1,(anonymous_3)
FNDA:0,(anonymous_4)
FNDA:0,(anonymous_5)
FNDA:3,(anonymous_6)
FNDA:0,(anonymous_7)
FNDA:0,(anonymous_8)
DA:6,1
DA:7,1
DA:8,1
DA:26,1
DA:34,2
DA:36,2
DA:37,2
DA:40,2
DA:42,2
DA:43,1
DA:46,2
DA:47,0
DA:50,2
DA:51,0
DA:55,2
DA:56,2
DA:58,0
DA:59,0
DA:61,0
DA:62,0
DA:64,0
DA:65,0
DA:67,0
DA:68,0
DA:71,2
DA:74,2
DA:102,2
DA:104,2
DA:126,1
DA:127,0
DA:129,0
DA:151,0
DA:152,0
DA:155,0
DA:167,1
DA:168,4
DA:169,0
DA:172,4
DA:175,4
DA:176,0
DA:179,4
DA:180,0
DA:183,4
DA:184,0
DA:187,4
DA:188,1
DA:192,3
DA:196,3
DA:197,1
DA:201,2
DA:210,2
DA:211,1
DA:215,1
DA:243,1
DA:248,1
DA:249,1
DA:252,1
DA:260,1
DA:273,1
DA:274,0
DA:275,0
DA:278,0
DA:279,0
DA:282,0
DA:286,0
DA:287,0
DA:291,0
DA:292,0
DA:296,0
DA:297,0
DA:300,0
DA:301,0
DA:304,0
DA:305,0
DA:309,0
DA:336,0
DA:337,0
DA:342,0
DA:343,0
DA:346,0
DA:354,0
DA:367,1
DA:368,3
DA:369,0
DA:372,3
DA:375,3
DA:379,3
DA:380,0
DA:384,3
DA:385,1
DA:388,2
DA:391,2
DA:396,2
DA:401,2
DA:402,0
DA:405,2
DA:413,2
DA:425,1
DA:426,0
DA:427,0
DA:430,0
DA:431,0
DA:432,0
DA:434,0
DA:459,0
DA:461,0
LF:106
LH:54
BRDA:28,0,0,1
BRDA:29,1,0,1
BRDA:33,2,0,2
BRDA:42,3,0,1
BRDA:46,4,0,0
BRDA:50,5,0,0
BRDA:56,6,0,0
BRDA:56,6,1,0
BRDA:56,6,2,0
BRDA:56,6,3,0
BRDA:56,6,4,2
BRDA:56,6,5,2
BRDA:151,7,0,0
BRDA:168,8,0,0
BRDA:175,9,0,0
BRDA:175,10,0,4
BRDA:175,10,1,4
BRDA:175,10,2,4
BRDA:175,10,3,4
BRDA:179,11,0,0
BRDA:179,12,0,4
BRDA:179,12,1,4
BRDA:183,13,0,0
BRDA:183,14,0,4
BRDA:183,14,1,4
BRDA:187,15,0,1
BRDA:196,16,0,1
BRDA:210,17,0,1
BRDA:248,18,0,1
BRDA:248,18,1,0
BRDA:274,19,0,0
BRDA:286,20,0,0
BRDA:291,21,0,0
BRDA:291,22,0,0
BRDA:291,22,1,0
BRDA:296,23,0,0
BRDA:296,24,0,0
BRDA:296,24,1,0
BRDA:296,24,2,0
BRDA:300,25,0,0
BRDA:300,26,0,0
BRDA:300,26,1,0
BRDA:300,26,2,0
BRDA:304,27,0,0
BRDA:304,28,0,0
BRDA:304,28,1,0
BRDA:312,29,0,0
BRDA:312,29,1,0
BRDA:313,30,0,0
BRDA:313,30,1,0
BRDA:314,31,0,0
BRDA:314,31,1,0
BRDA:336,32,0,0
BRDA:336,33,0,0
BRDA:336,33,1,0
BRDA:342,34,0,0
BRDA:342,34,1,0
BRDA:368,35,0,0
BRDA:379,36,0,0
BRDA:384,37,0,1
BRDA:384,38,0,3
BRDA:384,38,1,2
BRDA:401,39,0,0
BRDA:401,39,1,2
BRDA:426,40,0,0
BRDA:430,41,0,0
BRDA:430,42,0,0
BRF:67
BRH:22
end_of_record
TN:
SF:src/controllers/user.controller.ts
FN:25,(anonymous_0)
FN:35,(anonymous_1)
FN:98,(anonymous_2)
FN:132,(anonymous_3)
FN:196,(anonymous_4)
FN:281,(anonymous_5)
FN:325,(anonymous_6)
FN:354,(anonymous_7)
FNF:8
FNH:4
FNDA:6,(anonymous_0)
FNDA:2,(anonymous_1)
FNDA:3,(anonymous_2)
FNDA:0,(anonymous_3)
FNDA:3,(anonymous_4)
FNDA:0,(anonymous_5)
FNDA:0,(anonymous_6)
FNDA:0,(anonymous_7)
DA:6,1
DA:7,1
DA:8,1
DA:14,1
DA:25,1
DA:26,6
DA:27,6
DA:35,1
DA:44,2
DA:46,2
DA:47,2
DA:50,2
DA:54,2
DA:55,1
DA:58,2
DA:59,0
DA:62,2
DA:63,0
DA:67,2
DA:71,2
DA:73,2
DA:74,2
DA:76,2
DA:98,1
DA:99,3
DA:101,3
DA:107,3
DA:108,1
DA:112,2
DA:113,0
DA:114,0
DA:118,2
DA:132,1
DA:133,0
DA:136,0
DA:137,0
DA:141,0
DA:147,0
DA:148,0
DA:152,0
DA:158,0
DA:159,0
DA:163,0
DA:166,0
DA:179,0
DA:181,0
DA:196,1
DA:197,3
DA:198,3
DA:201,3
DA:207,3
DA:208,0
DA:212,3
DA:213,2
DA:214,1
DA:217,1
DA:218,0
DA:223,2
DA:224,0
DA:230,0
DA:231,0
DA:236,2
DA:237,0
DA:243,0
DA:244,0
DA:249,2
DA:250,2
DA:251,2
DA:252,2
DA:253,2
DA:254,2
DA:255,2
DA:257,2
DA:264,2
DA:266,2
DA:281,1
DA:282,0
DA:285,0
DA:291,0
DA:292,0
DA:296,0
DA:297,0
DA:301,0
DA:302,0
DA:306,0
DA:311,0
DA:313,0
DA:325,1
DA:326,0
DA:327,0
DA:330,0
DA:336,0
DA:337,0
DA:340,0
DA:354,1
DA:355,0
DA:356,0
DA:359,0
DA:362,0
DA:363,0
DA:369,0
DA:370,0
DA:374,0
DA:375,0
DA:376,0
DA:377,0
DA:379,0
DA:386,0
DA:388,0
LF:109
LH:53
BRDA:37,0,0,1
BRDA:38,1,0,1
BRDA:39,2,0,2
BRDA:40,3,0,2
BRDA:54,4,0,1
BRDA:58,5,0,0
BRDA:62,6,0,0
BRDA:71,7,0,0
BRDA:73,8,0,2
BRDA:73,8,1,1
BRDA:79,9,0,2
BRDA:79,9,1,0
BRDA:107,10,0,1
BRDA:107,11,0,3
BRDA:107,11,1,3
BRDA:112,12,0,0
BRDA:112,13,0,2
BRDA:112,13,1,1
BRDA:113,14,0,0
BRDA:113,15,0,0
BRDA:113,15,1,0
BRDA:133,16,0,0
BRDA:133,17,0,0
BRDA:136,18,0,0
BRDA:136,19,0,0
BRDA:136,19,1,0
BRDA:136,19,2,0
BRDA:136,19,3,0
BRDA:147,20,0,0
BRDA:158,21,0,0
BRDA:179,22,0,0
BRDA:207,23,0,0
BRDA:207,24,0,3
BRDA:207,24,1,3
BRDA:212,25,0,2
BRDA:212,25,1,1
BRDA:213,26,0,1
BRDA:217,27,0,0
BRDA:217,28,0,1
BRDA:217,28,1,1
BRDA:223,29,0,0
BRDA:223,30,0,2
BRDA:223,30,1,0
BRDA:230,31,0,0
BRDA:236,32,0,0
BRDA:236,33,0,2
BRDA:236,33,1,0
BRDA:243,34,0,0
BRDA:250,35,0,0
BRDA:251,36,0,2
BRDA:252,37,0,0
BRDA:253,38,0,0
BRDA:254,39,0,0
BRDA:255,40,0,0
BRDA:264,41,0,0
BRDA:291,42,0,0
BRDA:291,43,0,0
BRDA:291,43,1,0
BRDA:296,44,0,0
BRDA:296,45,0,0
BRDA:296,45,1,0
BRDA:301,46,0,0
BRDA:301,47,0,0
BRDA:301,47,1,0
BRDA:311,48,0,0
BRDA:326,49,0,0
BRDA:336,50,0,0
BRDA:336,51,0,0
BRDA:336,51,1,0
BRDA:355,52,0,0
BRDA:362,53,0,0
BRDA:362,54,0,0
BRDA:362,54,1,0
BRDA:369,55,0,0
BRDA:375,56,0,0
BRDA:376,57,0,0
BRDA:377,58,0,0
BRDA:386,59,0,0
BRF:78
BRH:23
end_of_record
TN:
SF:src/controllers/website.controller.ts
FN:23,(anonymous_0)
FN:35,(anonymous_1)
FN:115,(anonymous_2)
FN:176,(anonymous_3)
FN:284,(anonymous_4)
FN:413,(anonymous_5)
FN:459,(anonymous_6)
FNF:7
FNH:3
FNDA:1,(anonymous_0)
FNDA:0,(anonymous_1)
FNDA:3,(anonymous_2)
FNDA:3,(anonymous_3)
FNDA:0,(anonymous_4)
FNDA:0,(anonymous_5)
FNDA:0,(anonymous_6)
DA:6,1
DA:7,1
DA:8,1
DA:23,1
DA:24,1
DA:35,1
DA:46,0
DA:48,0
DA:49,0
DA:52,0
DA:62,0
DA:63,0
DA:64,0
DA:65,0
DA:68,0
DA:69,0
DA:72,0
DA:73,0
DA:76,0
DA:77,0
DA:80,0
DA:81,0
DA:84,0
DA:88,0
DA:90,0
DA:91,0
DA:93,0
DA:115,1
DA:116,3
DA:119,3
DA:121,3
DA:130,3
DA:131,0
DA:133,3
DA:136,3
DA:138,3
DA:139,1
DA:143,2
DA:144,0
DA:145,0
DA:148,0
DA:149,0
DA:151,0
DA:152,0
DA:157,2
DA:162,2
DA:176,1
DA:177,3
DA:178,0
DA:182,3
DA:183,1
DA:199,2
DA:202,2
DA:203,1
DA:207,1
DA:213,1
DA:214,0
DA:218,1
DA:219,1
DA:220,1
DA:222,1
DA:223,1
DA:229,1
DA:230,1
DA:232,0
DA:233,0
DA:238,1
DA:264,1
DA:267,1
DA:269,1
DA:284,1
DA:285,0
DA:286,0
DA:289,0
DA:292,0
DA:298,0
DA:299,0
DA:303,0
DA:304,0
DA:306,0
DA:307,0
DA:324,0
DA:327,0
DA:328,0
DA:334,0
DA:335,0
DA:340,0
DA:342,0
DA:343,0
DA:344,0
DA:345,0
DA:346,0
DA:347,0
DA:349,0
DA:350,0
DA:357,0
DA:358,0
DA:360,0
DA:361,0
DA:364,0
DA:368,0
DA:369,0
DA:370,0
DA:371,0
DA:372,0
DA:373,0
DA:374,0
DA:375,0
DA:376,0
DA:377,0
DA:378,0
DA:381,0
DA:382,0
DA:385,0
DA:396,0
DA:398,0
DA:413,1
DA:414,0
DA:415,0
DA:418,0
DA:421,0
DA:427,0
DA:428,0
DA:432,0
DA:433,0
DA:435,0
DA:436,0
DA:440,0
DA:442,0
DA:445,0
DA:447,0
DA:459,1
DA:460,0
DA:461,0
DA:464,0
DA:465,0
DA:474,0
DA:476,0
DA:477,0
DA:479,0
DA:488,0
DA:489,0
DA:492,0
DA:496,0
DA:498,0
DA:499,0
DA:501,0
LF:147
LH:41
BRDA:37,0,0,0
BRDA:38,1,0,0
BRDA:39,2,0,0
BRDA:40,3,0,0
BRDA:62,4,0,0
BRDA:62,4,1,0
BRDA:62,5,0,0
BRDA:62,5,1,0
BRDA:62,5,2,0
BRDA:64,6,0,0
BRDA:68,7,0,0
BRDA:72,8,0,0
BRDA:76,9,0,0
BRDA:80,10,0,0
BRDA:88,11,0,0
BRDA:90,12,0,0
BRDA:90,12,1,0
BRDA:96,13,0,0
BRDA:96,13,1,0
BRDA:130,14,0,0
BRDA:130,14,1,3
BRDA:138,15,0,1
BRDA:138,16,0,3
BRDA:138,16,1,2
BRDA:143,17,0,0
BRDA:144,18,0,0
BRDA:151,19,0,0
BRDA:151,20,0,0
BRDA:151,20,1,0
BRDA:159,21,0,2
BRDA:159,21,1,1
BRDA:177,22,0,0
BRDA:182,23,0,1
BRDA:182,24,0,3
BRDA:182,24,1,1
BRDA:202,25,0,1
BRDA:202,26,0,2
BRDA:202,26,1,2
BRDA:202,26,2,1
BRDA:202,26,3,1
BRDA:213,27,0,0
BRDA:213,28,0,1
BRDA:213,28,1,1
BRDA:229,29,0,1
BRDA:229,29,1,0
BRDA:244,30,0,1
BRDA:244,30,1,1
BRDA:247,31,0,1
BRDA:247,31,1,1
BRDA:248,32,0,1
BRDA:248,32,1,1
BRDA:251,33,0,1
BRDA:251,33,1,1
BRDA:252,34,0,1
BRDA:252,34,1,1
BRDA:253,35,0,1
BRDA:253,35,1,1
BRDA:264,36,0,0
BRDA:285,37,0,0
BRDA:298,38,0,0
BRDA:298,39,0,0
BRDA:298,39,1,0
BRDA:306,40,0,0
BRDA:306,41,0,0
BRDA:306,41,1,0
BRDA:327,42,0,0
BRDA:327,43,0,0
BRDA:327,43,1,0
BRDA:334,44,0,0
BRDA:342,45,0,0
BRDA:344,46,0,0
BRDA:357,47,0,0
BRDA:357,47,1,0
BRDA:368,48,0,0
BRDA:369,49,0,0
BRDA:370,50,0,0
BRDA:371,51,0,0
BRDA:372,52,0,0
BRDA:373,53,0,0
BRDA:374,54,0,0
BRDA:375,55,0,0
BRDA:376,56,0,0
BRDA:377,57,0,0
BRDA:378,58,0,0
BRDA:381,59,0,0
BRDA:381,60,0,0
BRDA:381,60,1,0
BRDA:396,61,0,0
BRDA:414,62,0,0
BRDA:427,63,0,0
BRDA:427,64,0,0
BRDA:427,64,1,0
BRDA:435,65,0,0
BRDA:435,66,0,0
BRDA:435,66,1,0
BRDA:442,67,0,0
BRDA:460,68,0,0
BRDA:464,69,0,0
BRDA:464,70,0,0
BRDA:464,70,1,0
BRDA:469,71,0,0
BRDA:470,72,0,0
BRDA:471,73,0,0
BRDA:472,74,0,0
BRDA:488,75,0,0
BRDA:496,76,0,0
BRDA:498,77,0,0
BRDA:498,77,1,0
BRDA:504,78,0,0
BRDA:504,78,1,0
BRF:110
BRH:29
end_of_record
TN:
SF:src/middleware/auth.ts
FN:24,(anonymous_0)
FN:38,(anonymous_1)
FN:84,(anonymous_2)
FN:85,(anonymous_3)
FN:104,(anonymous_4)
FNF:5
FNH:0
FNDA:0,(anonymous_0)
FNDA:0,(anonymous_1)
FNDA:0,(anonymous_2)
FNDA:0,(anonymous_3)
FNDA:0,(anonymous_4)
DA:7,0
DA:8,0
DA:9,0
DA:10,0
DA:24,0
DA:25,0
DA:27,0
DA:28,0
DA:31,0
DA:38,0
DA:44,0
DA:46,0
DA:47,0
DA:52,0
DA:53,0
DA:55,0
DA:59,0
DA:65,0
DA:66,0
DA:70,0
DA:71,0
DA:75,0
DA:77,0
DA:84,0
DA:85,0
DA:86,0
DA:87,0
DA:90,0
DA:91,0
DA:96,0
DA:104,0
DA:109,0
DA:111,0
DA:112,0
DA:115,0
DA:116,0
DA:118,0
DA:124,0
DA:125,0
DA:131,0
LF:40
LH:0
BRDA:27,0,0,0
BRDA:27,1,0,0
BRDA:27,1,1,0
BRDA:46,2,0,0
BRDA:65,3,0,0
BRDA:65,4,0,0
BRDA:65,4,1,0
BRDA:70,5,0,0
BRDA:86,6,0,0
BRDA:90,7,0,0
BRDA:111,8,0,0
BRDA:124,9,0,0
BRDA:124,10,0,0
BRDA:124,10,1,0
BRF:14
BRH:0
end_of_record
TN:
SF:src/middleware/errorHandler.ts
FN:24,(anonymous_0)
FN:88,(anonymous_1)
FNF:2
FNH:0
FNDA:0,(anonymous_0)
FNDA:0,(anonymous_1)
DA:6,0
DA:7,0
DA:24,0
DA:30,0
DA:33,0
DA:34,0
DA:35,0
DA:40,0
DA:41,0
DA:42,0
DA:43,0
DA:45,0
DA:46,0
DA:50,0
DA:57,0
DA:66,0
DA:67,0
DA:68,0
DA:71,0
DA:82,0
DA:88,0
DA:89,0
LF:22
LH:0
BRDA:40,0,0,0
BRDA:40,0,1,0
BRDA:45,1,0,0
BRDA:66,2,0,0
BRDA:76,3,0,0
BRDA:76,3,1,0
BRDA:77,4,0,0
BRDA:77,4,1,0
BRF:8
BRH:0
end_of_record
TN:
SF:src/routes/admin.routes.ts
FNF:0
FNH:0
DA:5,0
DA:6,0
DA:16,0
DA:22,0
DA:28,0
DA:30,0
DA:33,0
DA:34,0
DA:37,0
DA:38,0
DA:39,0
DA:40,0
DA:43,0
DA:46,0
DA:47,0
DA:48,0
DA:51,0
DA:52,0
DA:55,0
DA:56,0
DA:57,0
DA:58,0
DA:61,0
DA:62,0
DA:64,0
LF:25
LH:0
BRF:0
BRH:0
end_of_record
TN:
SF:src/routes/auth.routes.ts
FNF:0
FNH:0
DA:5,0
DA:6,0
DA:7,0
DA:9,0
DA:16,0
DA:23,0
DA:30,0
DA:37,0
DA:44,0
DA:46,0
LF:10
LH:0
BRF:0
BRH:0
end_of_record
TN:
SF:src/routes/billing.routes.ts
FNF:0
FNH:0
DA:5,0
DA:6,0
DA:7,0
DA:28,0
DA:35,0
DA:38,0
DA:41,0
DA:44,0
DA:51,0
DA:54,0
DA:57,0
DA:60,0
DA:63,0
DA:70,0
DA:77,0
DA:80,0
DA:87,0
DA:89,0
LF:18
LH:0
BRF:0
BRH:0
end_of_record
TN:
SF:src/routes/bookmark.routes.ts
FNF:0
FNH:0
DA:5,0
DA:6,0
DA:12,0
DA:14,0
DA:21,0
DA:28,0
DA:35,0
DA:42,0
DA:44,0
LF:9
LH:0
BRF:0
BRH:0
end_of_record
TN:
SF:src/routes/category.routes.ts
FNF:0
FNH:0
DA:5,0
DA:6,0
DA:13,0
DA:15,0
DA:22,0
DA:29,0
DA:36,0
DA:43,0
DA:50,0
DA:52,0
LF:10
LH:0
BRF:0
BRH:0
end_of_record
TN:
SF:src/routes/creator-application.routes.ts
FNF:0
FNH:0
DA:1,0
DA:2,0
DA:3,0
DA:11,0
DA:14,0
DA:15,0
DA:18,0
DA:19,0
DA:20,0
DA:22,0
LF:10
LH:0
BRF:0
BRH:0
end_of_record
TN:
SF:src/routes/creator.routes.ts
FNF:0
FNH:0
DA:5,0
DA:6,0
DA:13,0
DA:15,0
DA:18,0
DA:21,0
DA:22,0
DA:23,0
DA:26,0
DA:28,0
LF:10
LH:0
BRF:0
BRH:0
end_of_record
TN:
SF:src/routes/payment.routes.ts
FNF:0
FNH:0
DA:5,0
DA:6,0
DA:7,0
DA:15,0
DA:22,0
DA:25,0
DA:28,0
DA:29,0
DA:32,0
DA:34,0
LF:10
LH:0
BRF:0
BRH:0
end_of_record
TN:
SF:src/routes/payout.routes.ts
FNF:0
FNH:0
DA:5,0
DA:6,0
DA:7,0
DA:20,0
DA:27,0
DA:28,0
DA:31,0
DA:32,0
DA:33,0
DA:36,0
DA:37,0
DA:38,0
DA:44,0
DA:45,0
DA:47,0
LF:15
LH:0
BRF:0
BRH:0
end_of_record
TN:
SF:src/routes/refund.routes.ts
FNF:0
FNH:0
DA:5,0
DA:6,0
DA:7,0
DA:16,0
DA:22,0
DA:23,0
DA:24,0
DA:25,0
DA:31,0
DA:32,0
DA:34,0
LF:11
LH:0
BRF:0
BRH:0
end_of_record
TN:
SF:src/routes/report.routes.ts
FNF:0
FNH:0
DA:5,0
DA:6,0
DA:11,0
DA:13,0
DA:16,0
DA:19,0
DA:22,0
DA:25,0
DA:27,0
LF:9
LH:0
BRF:0
BRH:0
end_of_record
TN:
SF:src/routes/review.routes.ts
FNF:0
FNH:0
DA:5,0
DA:6,0
DA:14,0
DA:16,0
DA:23,0
DA:30,0
DA:37,0
DA:44,0
DA:51,0
DA:58,0
DA:60,0
LF:11
LH:0
BRF:0
BRH:0
end_of_record
TN:
SF:src/routes/user.routes.ts
FNF:0
FNH:0
DA:5,0
DA:6,0
DA:15,0
DA:17,0
DA:24,0
DA:31,0
DA:38,0
DA:45,0
DA:52,0
DA:59,0
DA:66,0
DA:68,0
LF:12
LH:0
BRF:0
BRH:0
end_of_record
TN:
SF:src/routes/website.routes.ts
FNF:0
FNH:0
DA:5,0
DA:6,0
DA:14,0
DA:16,0
DA:23,0
DA:30,0
DA:37,0
DA:44,0
DA:51,0
DA:58,0
DA:60,0
LF:11
LH:0
BRF:0
BRH:0
end_of_record
TN:
SF:src/services/email.service.ts
FN:40,sendEmail
FN:67,(anonymous_2)
FN:119,sendPaymentSuccessEmail
FN:162,sendPaymentFailedEmail
FN:209,sendInvoiceEmail
FN:250,sendPayoutRequestedEmail
FN:289,sendPayoutCompletedEmail
FN:329,sendPayoutProcessedEmail
FN:393,sendRefundStatusEmail
FN:446,sendNewSaleEmail
FN:487,sendWelcomeEmail
FNF:11
FNH:10
FNDA:10,sendEmail
FNDA:8,(anonymous_2)
FNDA:1,sendPaymentSuccessEmail
FNDA:1,sendPaymentFailedEmail
FNDA:1,sendInvoiceEmail
FNDA:1,sendPayoutRequestedEmail
FNDA:0,sendPayoutCompletedEmail
FNDA:1,sendPayoutProcessedEmail
FNDA:1,sendRefundStatusEmail
FNDA:1,sendNewSaleEmail
FNDA:1,sendWelcomeEmail
DA:5,1
DA:11,1
DA:21,1
DA:22,1
DA:23,1
DA:40,1
DA:41,10
DA:42,10
DA:43,1
DA:44,1
DA:47,9
DA:55,9
DA:56,9
DA:58,0
DA:59,0
DA:67,8
DA:119,1
DA:120,1
DA:146,1
DA:162,1
DA:163,1
DA:188,1
DA:209,1
DA:210,1
DA:230,1
DA:250,1
DA:251,1
DA:273,1
DA:289,1
DA:290,0
DA:312,0
DA:329,1
DA:330,1
DA:332,1
DA:371,1
DA:393,1
DA:394,1
DA:400,1
DA:402,1
DA:424,1
DA:446,1
DA:447,1
DA:476,1
DA:487,1
DA:488,1
DA:507,1
LF:46
LH:42
BRDA:12,0,0,1
BRDA:12,0,1,1
BRDA:13,1,0,1
BRDA:13,1,1,1
BRDA:21,2,0,1
BRDA:21,2,1,1
BRDA:22,3,0,1
BRDA:22,3,1,1
BRDA:23,4,0,1
BRDA:23,4,1,0
BRDA:42,5,0,1
BRDA:42,6,0,10
BRDA:42,6,1,9
BRDA:52,7,0,9
BRDA:52,7,1,9
BRDA:134,8,0,0
BRDA:134,8,1,1
BRDA:135,9,0,0
BRDA:135,9,1,1
BRDA:177,10,0,0
BRDA:177,10,1,1
BRDA:266,11,0,0
BRDA:266,11,1,1
BRDA:305,12,0,0
BRDA:305,12,1,0
BRDA:332,13,0,0
BRDA:332,13,1,1
BRDA:345,14,0,0
BRDA:345,14,1,0
BRDA:363,15,0,1
BRDA:363,15,1,0
BRDA:373,16,0,0
BRDA:373,16,1,1
BRDA:416,17,0,0
BRDA:416,17,1,1
BRDA:419,18,0,0
BRDA:419,18,1,1
BRDA:420,19,0,0
BRDA:420,19,1,1
BRF:39
BRH:24
end_of_record
TN:
SF:src/services/xendit.service.ts
FN:66,(anonymous_1)
FN:73,(anonymous_2)
FN:95,(anonymous_3)
FN:103,(anonymous_4)
FN:137,(anonymous_5)
FN:187,(anonymous_6)
FN:211,(anonymous_7)
FN:229,(anonymous_8)
FN:240,(anonymous_9)
FN:264,(anonymous_10)
FNF:10
FNH:8
FNDA:8,(anonymous_1)
FNDA:4,(anonymous_2)
FNDA:2,(anonymous_3)
FNDA:2,(anonymous_4)
FNDA:2,(anonymous_5)
FNDA:0,(anonymous_6)
FNDA:0,(anonymous_7)
FNDA:3,(anonymous_8)
FNDA:1,(anonymous_9)
FNDA:6,(anonymous_10)
DA:6,8
DA:56,8
DA:57,8
DA:58,8
DA:61,8
DA:67,8
DA:68,8
DA:74,4
DA:76,4
DA:77,1
DA:78,1
DA:81,3
DA:82,3
DA:85,3
DA:86,3
DA:88,0
DA:96,2
DA:97,2
DA:104,2
DA:106,2
DA:107,0
DA:121,2
DA:123,2
DA:124,2
DA:137,2
DA:163,2
DA:166,2
DA:167,1
DA:170,1
DA:179,1
DA:180,1
DA:188,0
DA:190,0
DA:191,0
DA:194,0
DA:195,0
DA:197,0
DA:203,0
DA:204,0
DA:212,0
DA:214,0
DA:215,0
DA:218,0
DA:219,0
DA:221,0
DA:222,0
DA:230,3
DA:231,1
DA:232,1
DA:234,2
DA:241,1
DA:265,6
DA:268,2
DA:270,1
DA:272,1
DA:275,2
DA:281,8
LF:57
LH:40
BRDA:56,0,0,8
BRDA:56,0,1,1
BRDA:57,1,0,8
BRDA:57,1,1,7
BRDA:58,2,0,8
BRDA:58,2,1,0
BRDA:74,3,0,0
BRDA:76,4,0,1
BRDA:106,5,0,0
BRDA:129,6,0,2
BRDA:129,6,1,0
BRDA:131,7,0,2
BRDA:131,7,1,2
BRDA:132,8,0,2
BRDA:132,8,1,2
BRDA:166,9,0,1
BRDA:166,10,0,2
BRDA:166,10,1,2
BRDA:172,11,0,1
BRDA:172,11,1,0
BRDA:174,12,0,1
BRDA:174,12,1,0
BRDA:176,13,0,1
BRDA:176,13,1,0
BRDA:180,14,0,1
BRDA:180,14,1,0
BRDA:190,15,0,0
BRDA:199,16,0,0
BRDA:199,16,1,0
BRDA:200,17,0,0
BRDA:200,17,1,0
BRDA:204,18,0,0
BRDA:204,18,1,0
BRDA:214,19,0,0
BRDA:222,20,0,0
BRDA:222,20,1,0
BRDA:230,21,0,1
BRDA:248,22,0,1
BRDA:248,22,1,0
BRDA:265,23,0,1
BRDA:265,23,1,2
BRDA:265,23,2,1
BRDA:265,23,3,1
BRDA:265,23,4,1
BRDA:265,23,5,2
BRF:45
BRH:26
end_of_record
TN:
SF:src/utils/catchAsync.ts
FN:13,(anonymous_0)
FN:14,(anonymous_1)
FNF:2
FNH:2
FNDA:96,(anonymous_0)
FNDA:175,(anonymous_1)
DA:13,16
DA:14,96
DA:15,175
LF:3
LH:3
BRF:0
BRH:0
end_of_record
TN:
SF:src/utils/errors.ts
FN:11,(anonymous_0)
FN:25,(anonymous_1)
FN:35,(anonymous_2)
FN:41,(anonymous_3)
FN:47,(anonymous_4)
FN:53,(anonymous_5)
FN:59,(anonymous_6)
FN:65,(anonymous_7)
FN:71,(anonymous_8)
FNF:9
FNH:9
FNDA:85,(anonymous_0)
FNDA:22,(anonymous_1)
FNDA:14,(anonymous_2)
FNDA:4,(anonymous_3)
FNDA:33,(anonymous_4)
FNDA:4,(anonymous_5)
FNDA:3,(anonymous_6)
FNDA:1,(anonymous_7)
FNDA:1,(anonymous_8)
DA:5,12
DA:12,85
DA:13,85
DA:14,85
DA:15,85
DA:16,85
DA:18,85
DA:22,12
DA:29,22
DA:30,22
DA:34,12
DA:36,14
DA:40,12
DA:42,4
DA:46,12
DA:48,33
DA:52,12
DA:54,4
DA:58,12
DA:60,3
DA:64,12
DA:66,1
DA:70,12
DA:72,1
LF:24
LH:24
BRDA:11,0,0,2
BRDA:14,1,0,82
BRDA:14,1,1,3
BRDA:26,2,0,0
BRDA:27,3,0,17
BRDA:35,4,0,1
BRDA:41,5,0,0
BRDA:47,6,0,0
BRDA:53,7,0,0
BRDA:59,8,0,0
BRDA:65,9,0,0
BRDA:71,10,0,1
BRF:12
BRH:6
end_of_record
TN:
SF:src/utils/jwt.ts
FN:27,(anonymous_1)
FN:49,(anonymous_2)
FN:71,(anonymous_3)
FN:83,(anonymous_4)
FN:95,(anonymous_5)
FNF:5
FNH:0
FNDA:0,(anonymous_1)
FNDA:0,(anonymous_2)
FNDA:0,(anonymous_3)
FNDA:0,(anonymous_4)
FNDA:0,(anonymous_5)
DA:5,1
DA:27,1
DA:28,0
DA:29,0
DA:30,0
DA:33,0
DA:35,0
DA:49,1
DA:50,0
DA:51,0
DA:52,0
DA:55,0
DA:57,0
DA:71,1
DA:72,0
DA:73,0
DA:74,0
DA:77,0
DA:83,1
DA:84,0
DA:85,0
DA:86,0
DA:89,0
DA:95,1
DA:96,0
LF:25
LH:6
BRDA:29,0,0,0
BRDA:33,1,0,0
BRDA:33,1,1,0
BRDA:51,2,0,0
BRDA:55,3,0,0
BRDA:55,3,1,0
BRDA:73,4,0,0
BRDA:85,5,0,0
BRF:8
BRH:0
end_of_record
TN:
SF:src/utils/password.ts
FN:12,(anonymous_1)
FN:19,(anonymous_2)
FN:30,(anonymous_3)
FNF:3
FNH:0
FNDA:0,(anonymous_1)
FNDA:0,(anonymous_2)
FNDA:0,(anonymous_3)
DA:5,2
DA:7,2
DA:12,2
DA:13,0
DA:19,2
DA:23,0
DA:30,2
DA:34,0
DA:37,0
DA:38,0
DA:42,0
DA:43,0
DA:47,0
DA:48,0
DA:52,0
DA:53,0
DA:57,0
DA:58,0
DA:61,0
LF:19
LH:5
BRDA:7,0,0,2
BRDA:7,0,1,2
BRDA:37,1,0,0
BRDA:42,2,0,0
BRDA:47,3,0,0
BRDA:52,4,0,0
BRDA:57,5,0,0
BRF:7
BRH:2
end_of_record
